#
# A fatal error has been detected by the Java Runtime Environment:
#
#  EXCEPTION_ACCESS_VIOLATION (0xc0000005) at pc=0x00000000524f7377, pid=7780, tid=13180
#
# JRE version: Java(TM) SE Runtime Environment (8.0_73-b02) (build 1.8.0_73-b02)
# Java VM: Java HotSpot(TM) 64-Bit Server VM (25.73-b02 mixed mode windows-amd64 compressed oops)
# Problematic frame:
# C  [nio.dll+0x7377]
#
# Failed to write core dump. Minidumps are not enabled by default on client versions of Windows
#
# If you would like to submit a bug report, please visit:
#   http://bugreport.java.com/bugreport/crash.jsp
# The crash happened outside the Java Virtual Machine in native code.
# See problematic frame for where to report the bug.
#

---------------  T H R E A D  ---------------

Current thread (0x000000001c3f5000):  JavaThread "qtp475682334-77" [_thread_in_native, id=13180, stack(0x00000000220f0000,0x00000000221f0000)]

siginfo: ExceptionCode=0xc0000005, writing address 0x00000000221e2000

Registers:
RAX=0x000000000000d0e0, RBX=0x00000000242765c0, RCX=0x000000001c3f51f8, RDX=0x00000000221eedc8
RSP=0x00000000221eec68, RBP=0x00000000221e1ca0, RSI=0x00000000829d8520, RDI=0x00000000829d8718
R8 =0x00000000230c5000, R9 =0x0000000000000001, R10=0x00000000221e1000, R11=0x00000000221e2000
R12=0x0000000000000000, R13=0x00000000242765c0, R14=0x00000000221eedc8, R15=0x000000001c3f5000
RIP=0x00000000524f7377, EFLAGS=0x0000000000010287

Top of Stack: (sp=0x00000000221eec68)
0x00000000221eec68:   000000000379dfa0 0000000052939530
0x00000000221eec78:   00000000524f6d0a 000000001c3f5000
0x00000000221eec88:   00000000221eedc8 00000000242765c0
0x00000000221eec98:   0000000000000000 00000000829d8718
0x00000000221eeca8:   00000000829d8520 00000000221eed68
0x00000000221eecb8:   000000000379dfcc 00000000221eed60
0x00000000221eecc8:   00000000242765c0 00000000221eeda0
0x00000000221eecd8:   000000005294ae1c 00000000221eeda8
0x00000000221eece8:   00000000221eeda0 00000000221eed98
0x00000000221eecf8:   ffffffffffffffff 000000001c24d8b8
0x00000000221eed08:   000000005288ba72 000000001c3f5000
0x00000000221eed18:   0000000052890cb2 0000000000000000
0x00000000221eed28:   00000000221eed28 0000000000000000
0x00000000221eed38:   00000000221eedc8 00000000242772a0
0x00000000221eed48:   0000000000000000 00000000242765c0
0x00000000221eed58:   0000000000000000 00000000221eed88 

Instructions: (pc=0x00000000524f7377)
0x00000000524f7357:   d0 4d 0f 42 d3 65 4c 8b 1c 25 10 00 00 00 4d 3b
0x00000000524f7367:   d3 73 16 66 41 81 e2 00 f0 4d 8d 9b 00 f0 ff ff
0x00000000524f7377:   41 c6 03 00 4d 3b d3 75 f0 4c 8b 14 24 4c 8b 5c
0x00000000524f7387:   24 08 48 83 c4 10 c3 cc cc 40 53 48 83 ec 20 b9 


Register to memory mapping:

RAX=0x000000000000d0e0 is an unknown value
RBX={method} {0x00000000242765c8} 'poll0' '(JI[I[I[IJ)I' in 'sun/nio/ch/WindowsSelectorImpl$SubSelector'
RCX=0x000000001c3f51f8 is an unknown value
RDX=0x00000000221eedc8 is pointing into the stack for thread: 0x000000001c3f5000
RSP=0x00000000221eec68 is pointing into the stack for thread: 0x000000001c3f5000
RBP=0x00000000221e1ca0 is pointing into the stack for thread: 0x000000001c3f5000
RSI=0x00000000829d8520 is an oop
java.lang.Thread 
 - klass: 'java/lang/Thread'
RDI=0x00000000829d8718 is an oop
java.lang.Object 
 - klass: 'java/lang/Object'
R8 =0x00000000230c5000 is an unknown value
R9 =0x0000000000000001 is an unknown value
R10=0x00000000221e1000 is pointing into the stack for thread: 0x000000001c3f5000
R11=0x00000000221e2000 is pointing into the stack for thread: 0x000000001c3f5000
R12=0x0000000000000000 is an unknown value
R13={method} {0x00000000242765c8} 'poll0' '(JI[I[I[IJ)I' in 'sun/nio/ch/WindowsSelectorImpl$SubSelector'
R14=0x00000000221eedc8 is pointing into the stack for thread: 0x000000001c3f5000
R15=0x000000001c3f5000 is a thread


Stack: [0x00000000220f0000,0x00000000221f0000],  sp=0x00000000221eec68,  free space=1019k
Native frames: (J=compiled Java code, j=interpreted, Vv=VM code, C=native code)
C  [nio.dll+0x7377]

Java frames: (J=compiled Java code, j=interpreted, Vv=VM code)
j  sun.nio.ch.WindowsSelectorImpl$SubSelector.poll0(JI[I[I[IJ)I+0
j  sun.nio.ch.WindowsSelectorImpl$SubSelector.poll()I+43
j  sun.nio.ch.WindowsSelectorImpl$SubSelector.access$400(Lsun/nio/ch/WindowsSelectorImpl$SubSelector;)I+1
j  sun.nio.ch.WindowsSelectorImpl.doSelect(J)I+69
j  sun.nio.ch.SelectorImpl.lockAndDoSelect(J)I+52
j  sun.nio.ch.SelectorImpl.select(J)I+40
j  sun.nio.ch.SelectorImpl.select()I+6
j  org.eclipse.jetty.io.ManagedSelector$SelectorProducer.select()Z+64
j  org.eclipse.jetty.io.ManagedSelector$SelectorProducer.produce()Ljava/lang/Runnable;+24
j  org.eclipse.jetty.util.thread.strategy.EatWhatYouKill.produceTask()Ljava/lang/Runnable;+4
j  org.eclipse.jetty.util.thread.strategy.EatWhatYouKill.doProduce(Z)Z+1
j  org.eclipse.jetty.util.thread.strategy.EatWhatYouKill.tryProduce(Z)V+144
j  org.eclipse.jetty.util.thread.strategy.EatWhatYouKill.produce()V+6
j  org.eclipse.jetty.io.ManagedSelector$$Lambda$497.run()V+4
j  org.eclipse.jetty.util.thread.QueuedThreadPool.runJob(Ljava/lang/Runnable;)V+5
j  org.eclipse.jetty.util.thread.QueuedThreadPool$Runner.run()V+288
j  java.lang.Thread.run()V+15
v  ~StubRoutines::call_stub

---------------  P R O C E S S  ---------------

Java Threads: ( => current thread )
  0x000000001c3fa000 JavaThread "mysql-cj-abandoned-connection-cleanup" daemon [_thread_blocked, id=20036, stack(0x00000000239c0000,0x0000000023ac0000)]
  0x000000001c3f9800 JavaThread "Session-HouseKeeper-399a4cd1-1" [_thread_blocked, id=26464, stack(0x00000000228f0000,0x00000000229f0000)]
  0x000000001c3f8800 JavaThread "qtp475682334-82" [_thread_blocked, id=21444, stack(0x00000000225f0000,0x00000000226f0000)]
  0x000000001c3f8000 JavaThread "qtp475682334-81" [_thread_blocked, id=21580, stack(0x00000000224f0000,0x00000000225f0000)]
  0x000000001c3f7000 JavaThread "qtp475682334-80" [_thread_blocked, id=24604, stack(0x00000000223f0000,0x00000000224f0000)]
  0x000000001c3f5800 JavaThread "qtp475682334-79" [_thread_blocked, id=24008, stack(0x00000000222f0000,0x00000000223f0000)]
  0x000000001c3ef800 JavaThread "qtp475682334-78" [_thread_blocked, id=20644, stack(0x00000000221f0000,0x00000000222f0000)]
=>0x000000001c3f5000 JavaThread "qtp475682334-77" [_thread_in_native, id=13180, stack(0x00000000220f0000,0x00000000221f0000)]
  0x000000001c3f6800 JavaThread "qtp475682334-76" [_thread_in_native, id=24532, stack(0x000000001fc20000,0x000000001fd20000)]
  0x000000001c3f4000 JavaThread "qtp475682334-75-acceptor-0@45f54913-ServerConnector@33845a7d{HTTP/1.1, (http/1.1)}{0.0.0.0:80}" [_thread_in_native, id=25784, stack(0x000000001d650000,0x000000001d750000)]
  0x000000001c3ec000 JavaThread "RMI TCP Connection(2)-127.0.0.1" daemon [_thread_in_native, id=15932, stack(0x000000001fb20000,0x000000001fc20000)]
  0x000000001c3ed800 JavaThread "RMI Scheduler(0)" daemon [_thread_blocked, id=24644, stack(0x000000001fa20000,0x000000001fb20000)]
  0x000000001c3f1000 JavaThread "RMI TCP Connection(1)-127.0.0.1" daemon [_thread_in_native, id=13252, stack(0x000000001f720000,0x000000001f820000)]
  0x000000001bb63000 JavaThread "RMI TCP Accept-0" daemon [_thread_in_native, id=6924, stack(0x000000001df50000,0x000000001e050000)]
  0x000000001bb61800 JavaThread "RMI TCP Accept-59180" daemon [_thread_in_native, id=25476, stack(0x000000001de50000,0x000000001df50000)]
  0x000000001bb61000 JavaThread "RMI TCP Accept-0" daemon [_thread_in_native, id=26384, stack(0x000000001cc50000,0x000000001cd50000)]
  0x000000001bb60000 JavaThread "Service Thread" daemon [_thread_blocked, id=23512, stack(0x000000001db50000,0x000000001dc50000)]
  0x000000001bcb7800 JavaThread "C1 CompilerThread2" daemon [_thread_blocked, id=14568, stack(0x000000001da50000,0x000000001db50000)]
  0x000000001bc8f000 JavaThread "C2 CompilerThread1" daemon [_thread_blocked, id=23208, stack(0x000000001d950000,0x000000001da50000)]
  0x000000001bc8e800 JavaThread "C2 CompilerThread0" daemon [_thread_blocked, id=26548, stack(0x000000001d850000,0x000000001d950000)]
  0x000000001bb64000 JavaThread "pool-3-thread-1" daemon [_thread_blocked, id=18516, stack(0x000000001d550000,0x000000001d650000)]
  0x000000001bb67000 JavaThread "rebel-change-detector-thread" daemon [_thread_blocked, id=22120, stack(0x000000001d250000,0x000000001d350000)]
  0x000000001bb65800 JavaThread "rebel-debugger-thread" daemon [_thread_blocked, id=8312, stack(0x000000001d150000,0x000000001d250000)]
  0x000000001bb66000 JavaThread "rebel-debugger-attach-notifier" daemon [_thread_blocked, id=19552, stack(0x000000001d050000,0x000000001d150000)]
  0x000000001bb64800 JavaThread "rebel-heartbeat-thread" daemon [_thread_blocked, id=11540, stack(0x000000001ce50000,0x000000001cf50000)]
  0x000000001bb5d800 JavaThread "rebel-redeploy-thread" daemon [_thread_blocked, id=25744, stack(0x000000001cd50000,0x000000001ce50000)]
  0x000000001bb47800 JavaThread "rebel-leaseManager-1" daemon [_thread_blocked, id=20664, stack(0x000000001cb50000,0x000000001cc50000)]
  0x000000001b93b800 JavaThread "rebel-IDENotificationsImpl-PostCycle" daemon [_thread_blocked, id=13876, stack(0x000000001c650000,0x000000001c750000)]
  0x000000001b931000 JavaThread "rebel-messaging-executor-31" daemon [_thread_blocked, id=25244, stack(0x000000001c550000,0x000000001c650000)]
  0x000000001a0c4800 JavaThread "rebel-weak-reaper" daemon [_thread_blocked, id=18796, stack(0x000000001aa80000,0x000000001ab80000)]
  0x000000001a029800 JavaThread "rebel-cache-writer" daemon [_thread_blocked, id=5856, stack(0x000000001a780000,0x000000001a880000)]
  0x000000001a0c7000 JavaThread "rebel-fsnotify-OutputReader" daemon [_thread_blocked, id=23076, stack(0x000000001ae90000,0x000000001af90000)]
  0x000000001a0c6000 JavaThread "rebel-fsnotify-OutputReader" daemon [_thread_blocked, id=3624, stack(0x000000001ad90000,0x000000001ae90000)]
  0x000000001b829000 JavaThread "rebel-fsnotify-ShutdownOnTermination" daemon [_thread_in_native, id=13612, stack(0x000000001ac90000,0x000000001ad90000)]
  0x000000001a219000 JavaThread "rebel-logger" daemon [_thread_blocked, id=23884, stack(0x000000001b080000,0x000000001b180000)]
  0x000000001a0d4800 JavaThread "rebel-CacheKeepAlive" daemon [_thread_blocked, id=22984, stack(0x000000001ab80000,0x000000001ac80000)]
  0x00000000196e4000 JavaThread "JDWP Command Reader" daemon [_thread_in_native, id=12852, stack(0x0000000019e80000,0x0000000019f80000)]
  0x00000000196e1000 JavaThread "JDWP Event Helper Thread" daemon [_thread_blocked, id=26540, stack(0x0000000019d80000,0x0000000019e80000)]
  0x00000000196d7000 JavaThread "JDWP Transport Listener: dt_socket" daemon [_thread_blocked, id=10276, stack(0x0000000019c80000,0x0000000019d80000)]
  0x0000000018326800 JavaThread "Attach Listener" daemon [_thread_blocked, id=22128, stack(0x0000000019b80000,0x0000000019c80000)]
  0x000000001830d000 JavaThread "Signal Dispatcher" daemon [_thread_blocked, id=17760, stack(0x0000000019a80000,0x0000000019b80000)]
  0x000000000357a800 JavaThread "Finalizer" daemon [_thread_blocked, id=19228, stack(0x0000000019520000,0x0000000019620000)]
  0x0000000003577000 JavaThread "Reference Handler" daemon [_thread_blocked, id=24796, stack(0x0000000019420000,0x0000000019520000)]
  0x0000000003487000 JavaThread "main" [_thread_in_vm, id=25820, stack(0x0000000003380000,0x0000000003480000)]

Other Threads:
  0x00000000182b2800 VMThread [stack: 0x0000000019320000,0x0000000019420000] [id=25968]
  0x000000001c3da000 WatcherThread [stack: 0x000000001e050000,0x000000001e150000] [id=23356]

VM state:not at safepoint (normal execution)

VM Mutex/Monitor currently owned by a thread: None

Heap:
 PSYoungGen      total 140288K, used 120300K [0x00000000d5d80000, 0x00000000e0a80000, 0x0000000100000000)
  eden space 129024K, 93% used [0x00000000d5d80000,0x00000000dd2fb138,0x00000000ddb80000)
  from space 11264K, 0% used [0x00000000ddb80000,0x00000000ddb80000,0x00000000de680000)
  to   space 14848K, 0% used [0x00000000dfc00000,0x00000000dfc00000,0x00000000e0a80000)
 ParOldGen       total 104960K, used 27297K [0x0000000081800000, 0x0000000087e80000, 0x00000000d5d80000)
  object space 104960K, 26% used [0x0000000081800000,0x00000000832a85f0,0x0000000087e80000)
 Metaspace       used 64474K, capacity 67581K, committed 67928K, reserved 1110016K
  class space    used 8310K, capacity 8834K, committed 8960K, reserved 1048576K

Card table byte_map: [0x0000000012b40000,0x0000000012f40000] byte_map_base: 0x0000000012734000

Marking Bits: (ParMarkBitMap*) 0x0000000052f20600
 Begin Bits: [0x00000000135f0000, 0x0000000015590000)
 End Bits:   [0x0000000015590000, 0x0000000017530000)

Polling page: 0x0000000002e60000

CodeCache: size=245760Kb used=13356Kb max_used=13372Kb free=232403Kb
 bounds [0x0000000003780000, 0x0000000004490000, 0x0000000012780000]
 total_blobs=8012 nmethods=7493 adapters=437
 compilation: enabled

Compilation events (10 events):
Event: 21.440 Thread 0x000000001bcb7800 7579       1       org.apache.logging.log4j.core.config.LoggerConfig::_jr$ig$additive (8 bytes)
Event: 21.440 Thread 0x000000001bcb7800 nmethod 7579 0x000000000448f490 code [0x000000000448f5e0, 0x000000000448f710]
Event: 21.440 Thread 0x000000001bcb7800 7580       1       org.apache.logging.log4j.core.config.LoggerConfig::_jr$ig$parent (8 bytes)
Event: 21.440 Thread 0x000000001bcb7800 nmethod 7580 0x000000000448f7d0 code [0x000000000448f920, 0x000000000448fa50]
Event: 21.440 Thread 0x000000001bcb7800 7577       1       org.zeroturnaround.javarebel.integration.spring.beans.ExpressionDependencyRegistry::setActiveBeanName (20 bytes)
Event: 21.446 Thread 0x000000001bcb7800 

Event: 21.472 Thread 0x000000001bcb7800 7582       1       org.eclipse.jetty.util.component.AbstractLifeCycle::_jr$ig$_state (8 bytes)
Event: 21.472 Thread 0x000000001bcb7800 nmethod 7582 0x00000000039d4710 code [0x00000000039d4860, 0x00000000039d4990]
Event: 21.477 Thread 0x000000001bcb7800 7583       1       org.apache.logging.slf4j.Log4jLogger::isDebugEnabled (19 bytes)
Event: 21.477 Thread 0x000000001bcb7800 nmethod 7583 0x0000000003b2a750 code [0x0000000003b2a8c0, 0x0000000003b2aa28]

GC Heap History (10 events):
Event: 18.403 GC heap before
{Heap before GC invocations=17 (full 2):
 PSYoungGen      total 139264K, used 137619K [0x00000000d5d80000, 0x00000000df180000, 0x0000000100000000)
  eden space 129024K, 100% used [0x00000000d5d80000,0x00000000ddb80000,0x00000000ddb80000)
  from space 10240K, 83% used [0x00000000de700000,0x00000000def64d68,0x00000000df100000)
  to   space 11264K, 0% used [0x00000000ddb80000,0x00000000ddb80000,0x00000000de680000)
 ParOldGen       total 104960K, used 16167K [0x0000000081800000, 0x0000000087e80000, 0x00000000d5d80000)
  object space 104960K, 15% used [0x0000000081800000,0x00000000827c9f90,0x0000000087e80000)
 Metaspace       used 51339K, capacity 53316K, committed 53632K, reserved 1095680K
  class space    used 6556K, capacity 6973K, committed 7040K, reserved 1048576K
Event: 18.416 GC heap after
Heap after GC invocations=17 (full 2):
 PSYoungGen      total 140288K, used 11238K [0x00000000d5d80000, 0x00000000e1680000, 0x0000000100000000)
  eden space 129024K, 0% used [0x00000000d5d80000,0x00000000d5d80000,0x00000000ddb80000)
  from space 11264K, 99% used [0x00000000ddb80000,0x00000000de679ab0,0x00000000de680000)
  to   space 12800K, 0% used [0x00000000e0a00000,0x00000000e0a00000,0x00000000e1680000)
 ParOldGen       total 104960K, used 16655K [0x0000000081800000, 0x0000000087e80000, 0x00000000d5d80000)
  object space 104960K, 15% used [0x0000000081800000,0x0000000082843e40,0x0000000087e80000)
 Metaspace       used 51339K, capacity 53316K, committed 53632K, reserved 1095680K
  class space    used 6556K, capacity 6973K, committed 7040K, reserved 1048576K
}
Event: 19.486 GC heap before
{Heap before GC invocations=18 (full 2):
 PSYoungGen      total 140288K, used 116471K [0x00000000d5d80000, 0x00000000e1680000, 0x0000000100000000)
  eden space 129024K, 81% used [0x00000000d5d80000,0x00000000dc4443c0,0x00000000ddb80000)
  from space 11264K, 99% used [0x00000000ddb80000,0x00000000de679ab0,0x00000000de680000)
  to   space 12800K, 0% used [0x00000000e0a00000,0x00000000e0a00000,0x00000000e1680000)
 ParOldGen       total 104960K, used 16655K [0x0000000081800000, 0x0000000087e80000, 0x00000000d5d80000)
  object space 104960K, 15% used [0x0000000081800000,0x0000000082843e40,0x0000000087e80000)
 Metaspace       used 56474K, capacity 58938K, committed 59096K, reserved 1101824K
  class space    used 7239K, capacity 7700K, committed 7808K, reserved 1048576K
Event: 19.503 GC heap after
Heap after GC invocations=18 (full 2):
 PSYoungGen      total 141824K, used 12783K [0x00000000d5d80000, 0x00000000e1680000, 0x0000000100000000)
  eden space 129024K, 0% used [0x00000000d5d80000,0x00000000d5d80000,0x00000000ddb80000)
  from space 12800K, 99% used [0x00000000e0a00000,0x00000000e167be38,0x00000000e1680000)
  to   space 11264K, 0% used [0x00000000ddb80000,0x00000000ddb80000,0x00000000de680000)
 ParOldGen       total 104960K, used 17360K [0x0000000081800000, 0x0000000087e80000, 0x00000000d5d80000)
  object space 104960K, 16% used [0x0000000081800000,0x00000000828f40b8,0x0000000087e80000)
 Metaspace       used 56474K, capacity 58938K, committed 59096K, reserved 1101824K
  class space    used 7239K, capacity 7700K, committed 7808K, reserved 1048576K
}
Event: 19.503 GC heap before
{Heap before GC invocations=19 (full 3):
 PSYoungGen      total 141824K, used 12783K [0x00000000d5d80000, 0x00000000e1680000, 0x0000000100000000)
  eden space 129024K, 0% used [0x00000000d5d80000,0x00000000d5d80000,0x00000000ddb80000)
  from space 12800K, 99% used [0x00000000e0a00000,0x00000000e167be38,0x00000000e1680000)
  to   space 11264K, 0% used [0x00000000ddb80000,0x00000000ddb80000,0x00000000de680000)
 ParOldGen       total 104960K, used 17360K [0x0000000081800000, 0x0000000087e80000, 0x00000000d5d80000)
  object space 104960K, 16% used [0x0000000081800000,0x00000000828f40b8,0x0000000087e80000)
 Metaspace       used 56474K, capacity 58938K, committed 59096K, reserved 1101824K
  class space    used 7239K, capacity 7700K, committed 7808K, reserved 1048576K
Event: 19.710 GC heap after
Heap after GC invocations=19 (full 3):
 PSYoungGen      total 141824K, used 0K [0x00000000d5d80000, 0x00000000e1680000, 0x0000000100000000)
  eden space 129024K, 0% used [0x00000000d5d80000,0x00000000d5d80000,0x00000000ddb80000)
  from space 12800K, 0% used [0x00000000e0a00000,0x00000000e0a00000,0x00000000e1680000)
  to   space 11264K, 0% used [0x00000000ddb80000,0x00000000ddb80000,0x00000000de680000)
 ParOldGen       total 104960K, used 28293K [0x0000000081800000, 0x0000000087e80000, 0x00000000d5d80000)
  object space 104960K, 26% used [0x0000000081800000,0x00000000833a16b8,0x0000000087e80000)
 Metaspace       used 56474K, capacity 58938K, committed 59096K, reserved 1101824K
  class space    used 7239K, capacity 7700K, committed 7808K, reserved 1048576K
}
Event: 20.084 GC heap before
{Heap before GC invocations=20 (full 3):
 PSYoungGen      total 141824K, used 52054K [0x00000000d5d80000, 0x00000000e1680000, 0x0000000100000000)
  eden space 129024K, 40% used [0x00000000d5d80000,0x00000000d9055920,0x00000000ddb80000)
  from space 12800K, 0% used [0x00000000e0a00000,0x00000000e0a00000,0x00000000e1680000)
  to   space 11264K, 0% used [0x00000000ddb80000,0x00000000ddb80000,0x00000000de680000)
 ParOldGen       total 104960K, used 28293K [0x0000000081800000, 0x0000000087e80000, 0x00000000d5d80000)
  object space 104960K, 26% used [0x0000000081800000,0x00000000833a16b8,0x0000000087e80000)
 Metaspace       used 57904K, capacity 60476K, committed 60504K, reserved 1105920K
  class space    used 7444K, capacity 7935K, committed 7936K, reserved 1048576K
Event: 20.091 GC heap after
Heap after GC invocations=20 (full 3):
 PSYoungGen      total 140288K, used 2066K [0x00000000d5d80000, 0x00000000e0a80000, 0x0000000100000000)
  eden space 129024K, 0% used [0x00000000d5d80000,0x00000000d5d80000,0x00000000ddb80000)
  from space 11264K, 18% used [0x00000000ddb80000,0x00000000ddd849d0,0x00000000de680000)
  to   space 14848K, 0% used [0x00000000dfc00000,0x00000000dfc00000,0x00000000e0a80000)
 ParOldGen       total 104960K, used 28301K [0x0000000081800000, 0x0000000087e80000, 0x00000000d5d80000)
  object space 104960K, 26% used [0x0000000081800000,0x00000000833a36b8,0x0000000087e80000)
 Metaspace       used 57904K, capacity 60476K, committed 60504K, reserved 1105920K
  class space    used 7444K, capacity 7935K, committed 7936K, reserved 1048576K
}
Event: 20.091 GC heap before
{Heap before GC invocations=21 (full 4):
 PSYoungGen      total 140288K, used 2066K [0x00000000d5d80000, 0x00000000e0a80000, 0x0000000100000000)
  eden space 129024K, 0% used [0x00000000d5d80000,0x00000000d5d80000,0x00000000ddb80000)
  from space 11264K, 18% used [0x00000000ddb80000,0x00000000ddd849d0,0x00000000de680000)
  to   space 14848K, 0% used [0x00000000dfc00000,0x00000000dfc00000,0x00000000e0a80000)
 ParOldGen       total 104960K, used 28301K [0x0000000081800000, 0x0000000087e80000, 0x00000000d5d80000)
  object space 104960K, 26% used [0x0000000081800000,0x00000000833a36b8,0x0000000087e80000)
 Metaspace       used 57904K, capacity 60476K, committed 60504K, reserved 1105920K
  class space    used 7444K, capacity 7935K, committed 7936K, reserved 1048576K
Event: 20.218 GC heap after
Heap after GC invocations=21 (full 4):
 PSYoungGen      total 140288K, used 0K [0x00000000d5d80000, 0x00000000e0a80000, 0x0000000100000000)
  eden space 129024K, 0% used [0x00000000d5d80000,0x00000000d5d80000,0x00000000ddb80000)
  from space 11264K, 0% used [0x00000000ddb80000,0x00000000ddb80000,0x00000000de680000)
  to   space 14848K, 0% used [0x00000000dfc00000,0x00000000dfc00000,0x00000000e0a80000)
 ParOldGen       total 104960K, used 27297K [0x0000000081800000, 0x0000000087e80000, 0x00000000d5d80000)
  object space 104960K, 26% used [0x0000000081800000,0x00000000832a85f0,0x0000000087e80000)
 Metaspace       used 57904K, capacity 60476K, committed 60504K, reserved 1103872K
  class space    used 7444K, capacity 7935K, committed 7936K, reserved 1048576K
}

Deoptimization events (0 events):
No events

Internal exceptions (10 events):
Event: 21.202 Thread 0x0000000003487000 Exception <a 'sun/nio/fs/WindowsException'> (0x00000000db964308) thrown at [D:\re\puppet\workspace\8-2-build-windows-amd64-cygwin\jdk8u73\6086\hotspot\src\share\vm\prims\jni.cpp, line 709]
Event: 21.218 Thread 0x0000000003487000 Exception <a 'java/lang/IncompatibleClassChangeError': Found class java.lang.Object, but interface was expected> (0x00000000dba59940) thrown at [D:\re\puppet\workspace\8-2-build-windows-amd64-cygwin\jdk8u73\6086\hotspot\src\share\vm\interpreter\linkResolve	¤Ä®í=5@
Event: 21.242 Thread 0x000000001c3ec000 Exception <a 'java/lang/reflect/InvocationTargetException'> (0x00000000dbce9ec8) thrown at [D:\re\puppet\workspace\8-2-build-windows-amd64-cygwin\jdk8u73\6086\hotspot\src\share\vm\runtime\reflection.cpp, line 1092]
Event: 21.286 Thread 0x0000000003487000 Exception <a 'java/lang/ArrayIndexOutOfBoundsException'> (0x00000000dbf01778) thrown at [D:\re\puppet\workspace\8-2-build-windows-amd64-cygwin\jdk8u73\6086\hotspot\src\share\vm\runtime\sharedRuntime.cpp, line 605]
Event: 21.347 Thread 0x0000000003487000 Exception <a 'java/lang/ArrayIndexOutOfBoundsException'> (0x00000000dc4735b0) thrown at [D:\re\puppet\workspace\8-2-build-windows-amd64-cygwin\jdk8u73\6086\hotspot\src\share\vm\runtime\sharedRuntime.cpp, line 605]
Event: 21.348 Thread 0x0000000003487000 Exception <a 'java/lang/ArrayIndexOutOfBoundsException'> (0x00000000dc476ed8) thrown at [D:\re\puppet\workspace\8-2-build-windows-amd64-cygwin\jdk8u73\6086\hotspot\src\share\vm\runtime\sharedRuntime.cpp, line 605]
Event: 21.369 Thread 0x0000000003487000 Exception <a 'java/lang/ArrayIndexOutOfBoundsException'> (0x00000000dc573548) thrown at [D:\re\puppet\workspace\8-2-build-windows-amd64-cygwin\jdk8u73\6086\hotspot\src\share\vm\runtime\sharedRuntime.cpp, line 605]
Event: 21.407 Thread 0x0000000003487000 Exception <a 'java/lang/ArrayIndexOutOfBoundsException'> (0x00000000dc92d7d8) thrown at [D:\re\puppet\workspace\8-2-build-windows-amd64-cygwin\jdk8u73\6086\hotspot\src\share\vm\runtime\sharedRuntime.cpp, line 605]
Event: 21.408 Thread 0x0000000003487000 Exception <a 'java/lang/ArrayIndexOutOfBoundsException'> (0x00000000dc9417c0) thrown at [D:\re\puppet\workspace\8-2-build-windows-amd64-cygwin\jdk8u73\6086\hotspot\src\share\vm\runtime\sharedRuntime.cpp, line 605]
Event: 21.408 Thread 0x0000000003487000 Exception <a 'java/lang/ArrayIndexOutOfBoundsException'> (0x00000000dc943518) thrown at [D:\re\puppet\workspace\8-2-build-windows-amd64-cygwin\jdk8u73\6086\hotspot\src\share\vm\runtime\sharedRuntime.cpp, line 605]

Events (10 events):
Event: 21.498 Executing VM operation: RevokeBias
Event: 21.498 Executing VM operation: RevokeBias done
Event: 21.498 loading class org/eclipse/jetty/server/AbstractConnector$Acceptor
Event: 21.498 loading class org/eclipse/jetty/server/AbstractConnector$Acceptor done
Event: 21.498 Thread 0x0000000003487000 DEOPT PACKING pc=0x0000000003aad22c sp=0x000000000347d850
Event: 21.498 Thread 0x0000000003487000 DEOPT UNPACKING pc=0x00000000037c787f sp=0x000000000347d5e0 mode 1
Event: 21.498 Thread 0x0000000003487000 DEOPT PACKING pc=0x0000000003add40c sp=0x000000000347d910
Event: 21.498 Thread 0x0000000003487000 DEOPT UNPACKING pc=0x00000000037c787f sp=0x000000000347d6a0 mode 1
Event: 21.498 Thread 0x0000000003487000 DEOPT PACKING pc=0x0000000003add364 sp=0x000000000347da10
Event: 21.498 Thread 0x0000000003487000 DEOPT UNPACKING pc=0x00000000037c787f sp=0x000000000347d7a0 mode 1


Dynamic libraries:
0x00007ff6b5a80000 - 0x00007ff6b5ab7000 	C:\jdk1.8.0_73\bin\java.exe
0x00007ffe134e0000 - 0x00007ffe136d0000 	C:\WINDOWS\SYSTEM32\ntdll.dll
0x00007ffe12bc0000 - 0x00007ffe12c72000 	C:\WINDOWS\System32\KERNEL32.DLL
0x00007ffe10dd0000 - 0x00007ffe11073000 	C:\WINDOWS\System32\KERNELBASE.dll
0x00007ffe13290000 - 0x00007ffe13333000 	C:\WINDOWS\System32\ADVAPI32.dll
0x00007ffe12f70000 - 0x00007ffe1300e000 	C:\WINDOWS\System32\msvcrt.dll
0x00007ffe13090000 - 0x00007ffe13127000 	C:\WINDOWS\System32\sechost.dll
0x00007ffe12e50000 - 0x00007ffe12f70000 	C:\WINDOWS\System32\RPCRT4.dll
0x00007ffe12a20000 - 0x00007ffe12bb4000 	C:\WINDOWS\System32\USER32.dll
0x00007ffe11170000 - 0x00007ffe11191000 	C:\WINDOWS\System32\win32u.dll
0x00007ffe11840000 - 0x00007ffe11866000 	C:\WINDOWS\System32\GDI32.dll
0x00007ffe112f0000 - 0x00007ffe11484000 	C:\WINDOWS\System32\gdi32full.dll
0x00007ffe11080000 - 0x00007ffe1111e000 	C:\WINDOWS\System32\msvcp_win.dll
0x00007ffe11490000 - 0x00007ffe1158a000 	C:\WINDOWS\System32\ucrtbase.dll
0x00007ffe005e0000 - 0x00007ffe00865000 	C:\WINDOWS\WinSxS\amd64_microsoft.windows.common-controls_6595b64144ccf1df_6.0.18362.720_none_e6beb5c51314836b\COMCTL32.dll
0x00007ffe11890000 - 0x00007ffe11bc6000 	C:\WINDOWS\System32\combase.dll
0x00007ffe105d0000 - 0x00007ffe10650000 	C:\WINDOWS\System32\bcryptPrimitives.dll
0x00007ffe13130000 - 0x00007ffe1315e000 	C:\WINDOWS\System32\IMM32.DLL
0x0000000052fa0000 - 0x0000000053072000 	C:\jdk1.8.0_73\jre\bin\msvcr100.dll
0x0000000052710000 - 0x0000000052fa0000 	C:\jdk1.8.0_73\jre\bin\server\jvm.dll
0x00007ffe115f0000 - 0x00007ffe115f8000 	C:\WINDOWS\System32\PSAPI.DLL
0x00007ffdff840000 - 0x00007ffdff849000 	C:\WINDOWS\SYSTEM32\WSOCK32.dll
0x00007ffe12730000 - 0x00007ffe1279f000 	C:\WINDOWS\System32\WS2_32.dll
0x00007ffe0bfd0000 - 0x00007ffe0bff4000 	C:\WINDOWS\SYSTEM32\WINMM.dll
0x00007ffe07520000 - 0x00007ffe0752a000 	C:\WINDOWS\SYSTEM32\VERSION.dll
0x00007ffe0bfa0000 - 0x00007ffe0bfcd000 	C:\WINDOWS\SYSTEM32\WINMMBASE.dll
0x00007ffe10470000 - 0x00007ffe104ba000 	C:\WINDOWS\System32\cfgmgr32.dll
0x0000000052700000 - 0x000000005270f000 	C:\jdk1.8.0_73\jre\bin\verify.dll
0x00000000526d0000 - 0x00000000526f9000 	C:\jdk1.8.0_73\jre\bin\java.dll
0x0000000052670000 - 0x00000000526a5000 	C:\jdk1.8.0_73\jre\bin\jdwp.dll
0x0000000052560000 - 0x0000000052568000 	C:\jdk1.8.0_73\jre\bin\npt.dll
0x00007ffde94d0000 - 0x00007ffde950a000 	C:\Users\PENGL\.IntelliJIdea2018.1\config\plugins\jr-ide-idea\lib\jrebel6\lib\jrebel64.dll
0x00007ffe11bd0000 - 0x00007ffe122b5000 	C:\WINDOWS\System32\SHELL32.dll
0x00007ffe13340000 - 0x00007ffe133e9000 	C:\WINDOWS\System32\shcore.dll
0x00007ffe10650000 - 0x00007ffe10dd0000 	C:\WINDOWS\System32\windows.storage.dll
0x00007ffe103d0000 - 0x00007ffe103f3000 	C:\WINDOWS\System32\profapi.dll
0x00007ffe10420000 - 0x00007ffe1046a000 	C:\WINDOWS\System32\powrprof.dll
0x00007ffe103a0000 - 0x00007ffe103b0000 	C:\WINDOWS\System32\UMPDC.dll
0x00007ffe11590000 - 0x00007ffe115e2000 	C:\WINDOWS\System32\shlwapi.dll
0x00007ffe103b0000 - 0x00007ffe103c1000 	C:\WINDOWS\System32\kernel.appcore.dll
0x00007ffe11120000 - 0x00007ffe11137000 	C:\WINDOWS\System32\cryptsp.dll
0x00007ffe0fd40000 - 0x00007ffe0fd4c000 	C:\WINDOWS\SYSTEM32\CRYPTBASE.DLL
0x0000000052530000 - 0x0000000052553000 	C:\jdk1.8.0_73\jre\bin\instrument.dll
0x00000000526b0000 - 0x00000000526c6000 	C:\jdk1.8.0_73\jre\bin\zip.dll
0x00000000524e0000 - 0x00000000524e9000 	C:\jdk1.8.0_73\jre\bin\dt_socket.dll
0x00007ffe0fbc0000 - 0x00007ffe0fc27000 	C:\WINDOWS\system32\mswsock.dll
0x00000000524d0000 - 0x00000000524dd000 	C:\jdk1.8.0_73\jre\bin\management.dll
0x0000000052510000 - 0x000000005252a000 	C:\jdk1.8.0_73\jre\bin\net.dll
0x00000000524f0000 - 0x0000000052501000 	C:\jdk1.8.0_73\jre\bin\nio.dll
0x00000000524a0000 - 0x00000000524c4000 	C:\jdk1.8.0_73\jre\bin\sunec.dll
0x00007ffe0b480000 - 0x00007ffe0b49b000 	C:\Users\PENGL\AppData\Local\Temp\jrebel-temp\ver-93b1e7f9\IdeaWin64.dll
0x0000000052490000 - 0x000000005249b000 	C:\jdk1.8.0_73\jre\bin\sunmscapi.dll
0x00007ffe111a0000 - 0x00007ffe112e9000 	C:\WINDOWS\System32\CRYPT32.dll
0x00007ffe10400000 - 0x00007ffe10412000 	C:\WINDOWS\System32\MSASN1.dll
0x00007ffe0f740000 - 0x00007ffe0f773000 	C:\WINDOWS\system32\rsaenh.dll
0x00007ffe11140000 - 0x00007ffe11166000 	C:\WINDOWS\System32\bcrypt.dll
0x00007ffe102c0000 - 0x00007ffe102e5000 	C:\WINDOWS\SYSTEM32\USERENV.dll
0x00007ffe0f8e0000 - 0x00007ffe0f91a000 	C:\WINDOWS\SYSTEM32\IPHLPAPI.DLL
0x00007ffe11600000 - 0x00007ffe11608000 	C:\WINDOWS\System32\NSI.dll
0x00007ffe08130000 - 0x00007ffe08146000 	C:\WINDOWS\SYSTEM32\dhcpcsvc6.DLL
0x00007ffe080f0000 - 0x00007ffe0810c000 	C:\WINDOWS\SYSTEM32\dhcpcsvc.DLL
0x00007ffe0f920000 - 0x00007ffe0f9ea000 	C:\WINDOWS\SYSTEM32\DNSAPI.dll
0x00007ffe0c400000 - 0x00007ffe0c416000 	C:\WINDOWS\system32\napinsp.dll
0x00007ffe0b460000 - 0x00007ffe0b47a000 	C:\WINDOWS\system32\pnrpnsp.dll
0x00007ffe0c460000 - 0x00007ffe0c46e000 	C:\WINDOWS\System32\winrnr.dll
0x00007ffe0c3d0000 - 0x00007ffe0c3ec000 	C:\WINDOWS\system32\NLAapi.dll
0x00007ffde7760000 - 0x00007ffde7775000 	C:\WINDOWS\system32\wshbth.dll
0x00007ffe03c90000 - 0x00007ffe03c9a000 	C:\Windows\System32\rasadhlp.dll
0x00007ffe07700000 - 0x00007ffe07777000 	C:\WINDOWS\System32\fwpuclnt.dll

VM Arguments:
jvm_args: -agentlib:jdwp=transport=dt_socket,address=127.0.0.1:59181,suspend=y,server=n -Drebel.base=C:\Users\PENGL\.jrebel -Drebel.env.ide.plugin.version=2020.1.0.1 -Drebel.env.ide.version=2018.1.2 -Drebel.env.ide.product=IU -Drebel.env.ide=intellij -Drebel.notification.url=http://localhost:17434 -agentpath:C:\Users\PENGL\.IntelliJIdea2018.1\config\plugins\jr-ide-idea\lib\jrebel6\lib\jrebel64.dll -XX:TieredStopAtLevel=1 -Xverify:none -Dspring.output.ansi.enabled=always -Dcom.sun.management.jmxremote -Dcom.sun.management.jmxremote.port=59180 -Dcom.sun.management.jmxremote.authenticate=false -Dcom.sun.management.jmxremote.ssl=false -Djava.rmi.server.hostname=localhost -Dspring.liveBeansView.mbeanDomain -Dspring.application.admin.enabled=true -javaagent:C:\Applications\idea\lib\rt\debugger-agent.jar=file:/C:/Users/PENGL/AppData/Local/Temp/capture1.props -Dfile.encoding=UTF-8 
java_command: pers.penglan.springbootsummary.SpringbootSummaryApplication
java_class_path (initial): C:\jdk1.8.0_73\jre\lib\charsets.jar;C:\jdk1.8.0_73\jre\lib\deploy.jar;C:\jdk1.8.0_73\jre\lib\ext\access-bridge-64.jar;C:\jdk1.8.0_73\jre\lib\ext\cldrdata.jar;C:\jdk1.8.0_73\jre\lib\ext\dnsns.jar;C:\jdk1.8.0_73\jre\lib\ext\jaccess.jar;C:\jdk1.8.0_73\jre\lib\ext\jfxrt.jar;C:\jdk1.8.0_73\jre\lib\ext\localedata.jar;C:\jdk1.8.0_73\jre\lib\ext\nashorn.jar;C:\jdk1.8.0_73\jre\lib\ext\sqljdbc42.jar;C:\jdk1.8.0_73\jre\lib\ext\sunec.jar;C:\jdk1.8.0_73\jre\lib\ext\sunjce_provider.jar;C:\jdk1.8.0_73\jre\lib\ext\sunmscapi.jar;C:\jdk1.8.0_73\jre\lib\ext\sunpkcs11.jar;C:\jdk1.8.0_73\jre\lib\ext\zipfs.jar;C:\jdk1.8.0_73\jre\lib\javaws.jar;C:\jdk1.8.0_73\jre\lib\jce.jar;C:\jdk1.8.0_73\jre\lib\jfr.jar;C:\jdk1.8.0_73\jre\lib\jfxswt.jar;C:\jdk1.8.0_73\jre\lib\jsse.jar;C:\jdk1.8.0_73\jre\lib\management-agent.jar;C:\jdk1.8.0_73\jre\lib\plugin.jar;C:\jdk1.8.0_73\jre\lib\resources.jar;C:\jdk1.8.0_73\jre\lib\rt.jar;D:\Workspace_Learning\springboot-summary\target\classes;C:\maven\repository\org\springframework\boot\spring-boot-starter-web\2.2.6.RELEASE\spring-boot-starter-web-2.2.6.RELEASE.jar;C:\maven\repository\org\springframework\boot\spring-boot-starter\2.2.6.RELEASE\spring-boot-starter-2.2.6.RELEASE.jar;C:\maven\repository\org\springframework\boot\spring-boot\2.2.6.RELEASE\spring-boot-2.2.6.RELEASE.jar;C:\maven\repository\org\springframework\boot\spring-boot-autoconfigure\2.2.6.RELEASE\spring-boot-autoconfigure-2.2.6.RELEASE.jar;C:\maven\repository\jakarta\annotation\jakarta.annotation-api\1.3.5\jakarta.annotation-api-1.3.5.jar;C:\maven\repository\org\yaml\snakeyaml\1.25\snakeyaml-1.25.jar;C:\maven\repository\org\springframework\boot\spring-boot-starter-json\2.2.6.RELEASE\spring-boot-starter-json-2.2.6.RELEASE.jar;C:\maven\repository\com\fasterxml\jackson\core\jackson-databind\2.10.3\jackson-databind-2.10.3.jar;C:\maven\repository\com\fasterxml\jackson\core\jackson-annotations\2.10.3\jackson-annotations-2.10.3.jar;C:\maven\repository\com\fasterxml\jackson\cor
Launcher Type: SUN_STANDARD

Environment Variables:
JAVA_HOME=C:\jdk1.8.0_73
CLASSPATH=.;C:\jdk1.8.0_73\lib\dt.jar;C:\jdk1.8.0_73\lib\tools.jar;
PATH=C:\Program Files (x86)\Intel\iCLS Client\;C:\Program Files\Intel\iCLS Client\;C:\Windows\system32;C:\Windows;C:\Windows\System32\Wbem;C:\Windows\System32\WindowsPowerShell\v1.0\;C:\Program Files (x86)\NVIDIA Corporation\PhysX\Common;C:\Program Files (x86)\Intel\Intel(R) Management Engine Components\DAL;C:\Program Files\Intel\Intel(R) Management Engine Components\DAL;C:\Program Files (x86)\Intel\Intel(R) Management Engine Components\IPT;C:\Program Files\Intel\Intel(R) Management Engine Components\IPT;C:\WINDOWS\system32;C:\WINDOWS;C:\WINDOWS\System32\Wbem;C:\WINDOWS\System32\WindowsPowerShell\v1.0\;C:\Program Files\MySQL\MySQL Server 5.5\bin;C:\Program Files\Microsoft SQL Server\130\Tools\Binn\;C:\Program Files\dotnet\;C:\WINDOWS\System32\OpenSSH\;C:\Program Files\Intel\WiFi\bin\;C:\Program Files\Common Files\Intel\WirelessCommon\;C:\jdk1.8.0_73\bin;C:\Users\PENGL\AppData\Local\Microsoft\WindowsApps;C:\applications\mysql-5.7.17-winx64\bin;C:\Links;C:\Applications\apache-maven-3.5.3\bin
USERNAME=PENGL
OS=Windows_NT
PROCESSOR_IDENTIFIER=Intel64 Family 6 Model 142 Stepping 9, GenuineIntel



---------------  S Y S T E M  ---------------

OS: Windows 10.0 , 64 bit Build 18362 (10.0.18362.329)

CPU:total 4 (2 cores per cpu, 2 threads per core) family 6 model 142 stepping 9, cmov, cx8, fxsr, mmx, sse, sse2, sse3, ssse3, sse4.1, sse4.2, popcnt, avx, avx2, aes, clmul, erms, 3dnowpref, lzcnt, ht, tsc, tscinvbit, bmi1, bmi2, adx

Memory: 4k page, physical 8284640k(496024k free), swap 23766320k(1580k free)

vm_info: Java HotSpot(TM) 64-Bit Server VM (25.73-b02) for windows-amd64 JRE (1.8.0_73-b02), built on Jan 29 2016 17:38:49 by "java_re" with MS VC++ 10.0 (VS2010)

time: Tue Apr 21 22:13:25 2020
elapsed time: 21 seconds (0d 0h 0m 21s)

