10:42:59.904 | INFO  | [main] | org.springframework.boot.web.embedded.jetty.JettyServletWebServerFactory | getWebServer | 145:>>Server initialized with port: 8080
10:42:59.960 | INFO  | [main] | org.springframework.boot.web.servlet.context.ServletWebServerApplicationContext | prepareWebApplicationContext | 284:>>Root WebApplicationContext: initialization completed in 1416 ms
10:43:00.938 | INFO  | [main] | org.springframework.scheduling.concurrent.ExecutorConfigurationSupport | initialize | 181:>>Initializing ExecutorService 'applicationTaskExecutor'
10:43:01.116 | INFO  | [main] | org.springframework.web.servlet.FrameworkServlet | initServletBean | 525:>>Initializing Servlet 'dispatcherServlet'
10:43:01.152 | INFO  | [main] | org.springframework.web.servlet.FrameworkServlet | initServletBean | 547:>>Completed initialization in 12 ms
10:43:01.211 | INFO  | [main] | org.springframework.boot.web.embedded.jetty.JettyWebServer | start | 157:>>Jetty started on port(s) 8080 (http/1.1) with context path '/'
10:46:07.351 | INFO  | [main] | org.springframework.boot.web.embedded.jetty.JettyServletWebServerFactory | getWebServer | 145:>>Server initialized with port: 8080
10:46:07.410 | INFO  | [main] | org.springframework.boot.web.servlet.context.ServletWebServerApplicationContext | prepareWebApplicationContext | 284:>>Root WebApplicationContext: initialization completed in 1262 ms
10:46:08.335 | INFO  | [main] | org.springframework.scheduling.concurrent.ExecutorConfigurationSupport | initialize | 181:>>Initializing ExecutorService 'applicationTaskExecutor'
10:46:08.538 | INFO  | [main] | org.springframework.web.servlet.FrameworkServlet | initServletBean | 525:>>Initializing Servlet 'dispatcherServlet'
10:46:08.550 | INFO  | [main] | org.springframework.web.servlet.FrameworkServlet | initServletBean | 547:>>Completed initialization in 12 ms
10:46:08.589 | INFO  | [main] | org.springframework.boot.web.embedded.jetty.JettyWebServer | start | 157:>>Jetty started on port(s) 8080 (http/1.1) with context path '/'
11:08:16.733 | INFO  | [main] | org.springframework.boot.web.embedded.jetty.JettyServletWebServerFactory | getWebServer | 145:>>Server initialized with port: 8080
11:08:16.793 | INFO  | [main] | org.springframework.boot.web.servlet.context.ServletWebServerApplicationContext | prepareWebApplicationContext | 284:>>Root WebApplicationContext: initialization completed in 1245 ms
11:08:17.673 | INFO  | [main] | org.springframework.scheduling.concurrent.ExecutorConfigurationSupport | initialize | 181:>>Initializing ExecutorService 'applicationTaskExecutor'
11:08:17.877 | INFO  | [main] | org.springframework.web.servlet.FrameworkServlet | initServletBean | 525:>>Initializing Servlet 'dispatcherServlet'
11:08:17.885 | INFO  | [main] | org.springframework.web.servlet.FrameworkServlet | initServletBean | 547:>>Completed initialization in 8 ms
11:08:17.922 | INFO  | [main] | org.springframework.boot.web.embedded.jetty.JettyWebServer | start | 157:>>Jetty started on port(s) 8080 (http/1.1) with context path '/'
11:15:10.465 | INFO  | [main] | org.springframework.boot.web.embedded.jetty.JettyServletWebServerFactory | getWebServer | 145:>>Server initialized with port: 8080
11:15:10.510 | INFO  | [main] | org.springframework.boot.web.servlet.context.ServletWebServerApplicationContext | prepareWebApplicationContext | 284:>>Root WebApplicationContext: initialization completed in 1247 ms
11:15:19.641 | INFO  | [main] | org.springframework.scheduling.concurrent.ExecutorConfigurationSupport | initialize | 181:>>Initializing ExecutorService 'applicationTaskExecutor'
11:15:19.870 | INFO  | [main] | org.springframework.web.servlet.FrameworkServlet | initServletBean | 525:>>Initializing Servlet 'dispatcherServlet'
11:15:19.877 | INFO  | [main] | org.springframework.web.servlet.FrameworkServlet | initServletBean | 547:>>Completed initialization in 7 ms
11:15:19.915 | INFO  | [main] | org.springframework.boot.web.embedded.jetty.JettyWebServer | start | 157:>>Jetty started on port(s) 8080 (http/1.1) with context path '/'
11:21:19.929 | INFO  | [main] | org.springframework.boot.web.embedded.jetty.JettyServletWebServerFactory | getWebServer | 145:>>Server initialized with port: 8080
11:21:19.985 | INFO  | [main] | org.springframework.boot.web.servlet.context.ServletWebServerApplicationContext | prepareWebApplicationContext | 284:>>Root WebApplicationContext: initialization completed in 1214 ms
11:21:23.097 | INFO  | [main] | org.springframework.scheduling.concurrent.ExecutorConfigurationSupport | initialize | 181:>>Initializing ExecutorService 'applicationTaskExecutor'
11:21:23.312 | INFO  | [main] | org.springframework.web.servlet.FrameworkServlet | initServletBean | 525:>>Initializing Servlet 'dispatcherServlet'
11:21:23.327 | INFO  | [main] | org.springframework.web.servlet.FrameworkServlet | initServletBean | 547:>>Completed initialization in 15 ms
11:21:23.384 | INFO  | [main] | org.springframework.boot.web.embedded.jetty.JettyWebServer | start | 157:>>Jetty started on port(s) 8080 (http/1.1) with context path '/'
11:22:23.099 | INFO  | [main] | org.springframework.boot.web.embedded.jetty.JettyServletWebServerFactory | getWebServer | 145:>>Server initialized with port: 8080
11:22:23.145 | INFO  | [main] | org.springframework.boot.web.servlet.context.ServletWebServerApplicationContext | prepareWebApplicationContext | 284:>>Root WebApplicationContext: initialization completed in 1218 ms
11:22:23.559 | WARN  | [main] | org.springframework.context.support.AbstractApplicationContext | refresh | 558:>>Exception encountered during context initialization - cancelling refresh attempt: org.springframework.beans.factory.UnsatisfiedDependencyException: Error creating bean with name 'firstController': Unsatisfied dependency expressed through field 'sysPrivilegeService'; nested exception is org.springframework.beans.factory.UnsatisfiedDependencyException: Error creating bean with name 'sysPrivilegeService': Unsatisfied dependency expressed through field 'sysPrivilegeMapper'; nested exception is org.springframework.beans.factory.BeanCreationException: Error creating bean with name 'sysPrivilegeMapper' defined in file [D:\Workspace_Learning\springboot-summary\target\classes\pers\penglan\springbootsummary\mapper\SysPrivilegeMapper.class]: Invocation of init method failed; nested exception is java.lang.IllegalArgumentException: Property 'sqlSessionFactory' or 'sqlSessionTemplate' are required
11:22:23.577 | INFO  | [main] | org.springframework.boot.autoconfigure.logging.ConditionEvaluationReportLoggingListener | logMessage | 136:>>

Error starting ApplicationContext. To display the conditions report re-run your application with 'debug' enabled.
11:22:23.589 | ERROR | [main] | org.springframework.boot.SpringApplication | reportFailure | 826:>>Application run failed
org.springframework.beans.factory.UnsatisfiedDependencyException: Error creating bean with name 'firstController': Unsatisfied dependency expressed through field 'sysPrivilegeService'; nested exception is org.springframework.beans.factory.UnsatisfiedDependencyException: Error creating bean with name 'sysPrivilegeService': Unsatisfied dependency expressed through field 'sysPrivilegeMapper'; nested exception is org.springframework.beans.factory.BeanCreationException: Error creating bean with name 'sysPrivilegeMapper' defined in file [D:\Workspace_Learning\springboot-summary\target\classes\pers\penglan\springbootsummary\mapper\SysPrivilegeMapper.class]: Invocation of init method failed; nested exception is java.lang.IllegalArgumentException: Property 'sqlSessionFactory' or 'sqlSessionTemplate' are required
	at org.springframework.beans.factory.annotation.AutowiredAnnotationBeanPostProcessor$AutowiredFieldElement.inject(AutowiredAnnotationBeanPostProcessor.java:643) ~[spring-beans-5.2.5.RELEASE.jar:5.2.5.RELEASE]
	at org.springframework.beans.factory.annotation.InjectionMetadata.inject(InjectionMetadata.java:130) ~[spring-beans-5.2.5.RELEASE.jar:5.2.5.RELEASE]
	at org.springframework.beans.factory.annotation.AutowiredAnnotationBeanPostProcessor.postProcessProperties(AutowiredAnnotationBeanPostProcessor.java:399) ~[spring-beans-5.2.5.RELEASE.jar:5.2.5.RELEASE]
	at org.springframework.beans.factory.support.AbstractAutowireCapableBeanFactory.populateBean(AbstractAutowireCapableBeanFactory.java:1422) ~[spring-beans-5.2.5.RELEASE.jar:5.2.5.RELEASE]
	at org.springframework.beans.factory.support.AbstractAutowireCapableBeanFactory.doCreateBean(AbstractAutowireCapableBeanFactory.java:594) ~[spring-beans-5.2.5.RELEASE.jar:5.2.5.RELEASE]
	at org.springframework.beans.factory.support.AbstractAutowireCapableBeanFactory.createBean(AbstractAutowireCapableBeanFactory.java:517) ~[spring-beans-5.2.5.RELEASE.jar:5.2.5.RELEASE]
	at org.springframework.beans.factory.support.AbstractBeanFactory.lambda$doGetBean$0(AbstractBeanFactory.java:323) ~[spring-beans-5.2.5.RELEASE.jar:5.2.5.RELEASE]
	at org.springframework.beans.factory.support.DefaultSingletonBeanRegistry.getSingleton(DefaultSingletonBeanRegistry.java:222) ~[spring-beans-5.2.5.RELEASE.jar:5.2.5.RELEASE]
	at org.springframework.beans.factory.support.AbstractBeanFactory.doGetBean(AbstractBeanFactory.java:321) ~[spring-beans-5.2.5.RELEASE.jar:5.2.5.RELEASE]
	at org.springframework.beans.factory.support.AbstractBeanFactory.getBean(AbstractBeanFactory.java:202) ~[spring-beans-5.2.5.RELEASE.jar:5.2.5.RELEASE]
	at org.springframework.beans.factory.support.DefaultListableBeanFactory.preInstantiateSingletons(DefaultListableBeanFactory.java:882) ~[spring-beans-5.2.5.RELEASE.jar:5.2.5.RELEASE]
	at org.springframework.context.support.AbstractApplicationContext.finishBeanFactoryInitialization(AbstractApplicationContext.java:878) ~[spring-context-5.2.5.RELEASE.jar:5.2.5.RELEASE]
	at org.springframework.context.support.AbstractApplicationContext.refresh(AbstractApplicationContext.java:550) ~[spring-context-5.2.5.RELEASE.jar:5.2.5.RELEASE]
	at org.springframework.boot.web.servlet.context.ServletWebServerApplicationContext.refresh(ServletWebServerApplicationContext.java:141) ~[spring-boot-2.2.6.RELEASE.jar:2.2.6.RELEASE]
	at org.springframework.boot.SpringApplication.refresh(SpringApplication.java:747) [spring-boot-2.2.6.RELEASE.jar:2.2.6.RELEASE]
	at org.springframework.boot.SpringApplication.refreshContext(SpringApplication.java:397) [spring-boot-2.2.6.RELEASE.jar:2.2.6.RELEASE]
	at org.springframework.boot.SpringApplication.run(SpringApplication.java:315) [spring-boot-2.2.6.RELEASE.jar:2.2.6.RELEASE]
	at org.springframework.boot.SpringApplication.run(SpringApplication.java:1226) [spring-boot-2.2.6.RELEASE.jar:2.2.6.RELEASE]
	at org.springframework.boot.SpringApplication.run(SpringApplication.java:1215) [spring-boot-2.2.6.RELEASE.jar:2.2.6.RELEASE]
	at pers.penglan.springbootsummary.SpringbootSummaryApplication.main(SpringbootSummaryApplication.java:25) [classes/:?]
Caused by: org.springframework.beans.factory.UnsatisfiedDependencyException: Error creating bean with name 'sysPrivilegeService': Unsatisfied dependency expressed through field 'sysPrivilegeMapper'; nested exception is org.springframework.beans.factory.BeanCreationException: Error creating bean with name 'sysPrivilegeMapper' defined in file [D:\Workspace_Learning\springboot-summary\target\classes\pers\penglan\springbootsummary\mapper\SysPrivilegeMapper.class]: Invocation of init method failed; nested exception is java.lang.IllegalArgumentException: Property 'sqlSessionFactory' or 'sqlSessionTemplate' are required
	at org.springframework.beans.factory.annotation.AutowiredAnnotationBeanPostProcessor$AutowiredFieldElement.inject(AutowiredAnnotationBeanPostProcessor.java:643) ~[spring-beans-5.2.5.RELEASE.jar:5.2.5.RELEASE]
	at org.springframework.beans.factory.annotation.InjectionMetadata.inject(InjectionMetadata.java:130) ~[spring-beans-5.2.5.RELEASE.jar:5.2.5.RELEASE]
	at org.springframework.beans.factory.annotation.AutowiredAnnotationBeanPostProcessor.postProcessProperties(AutowiredAnnotationBeanPostProcessor.java:399) ~[spring-beans-5.2.5.RELEASE.jar:5.2.5.RELEASE]
	at org.springframework.beans.factory.support.AbstractAutowireCapableBeanFactory.populateBean(AbstractAutowireCapableBeanFactory.java:1422) ~[spring-beans-5.2.5.RELEASE.jar:5.2.5.RELEASE]
	at org.springframework.beans.factory.support.AbstractAutowireCapableBeanFactory.doCreateBean(AbstractAutowireCapableBeanFactory.java:594) ~[spring-beans-5.2.5.RELEASE.jar:5.2.5.RELEASE]
	at org.springframework.beans.factory.support.AbstractAutowireCapableBeanFactory.createBean(AbstractAutowireCapableBeanFactory.java:517) ~[spring-beans-5.2.5.RELEASE.jar:5.2.5.RELEASE]
	at org.springframework.beans.factory.support.AbstractBeanFactory.lambda$doGetBean$0(AbstractBeanFactory.java:323) ~[spring-beans-5.2.5.RELEASE.jar:5.2.5.RELEASE]
	at org.springframework.beans.factory.support.DefaultSingletonBeanRegistry.getSingleton(DefaultSingletonBeanRegistry.java:222) ~[spring-beans-5.2.5.RELEASE.jar:5.2.5.RELEASE]
	at org.springframework.beans.factory.support.AbstractBeanFactory.doGetBean(AbstractBeanFactory.java:321) ~[spring-beans-5.2.5.RELEASE.jar:5.2.5.RELEASE]
	at org.springframework.beans.factory.support.AbstractBeanFactory.getBean(AbstractBeanFactory.java:202) ~[spring-beans-5.2.5.RELEASE.jar:5.2.5.RELEASE]
	at org.springframework.beans.factory.config.DependencyDescriptor.resolveCandidate(DependencyDescriptor.java:276) ~[spring-beans-5.2.5.RELEASE.jar:5.2.5.RELEASE]
	at org.springframework.beans.factory.support.DefaultListableBeanFactory.doResolveDependency(DefaultListableBeanFactory.java:1290) ~[spring-beans-5.2.5.RELEASE.jar:5.2.5.RELEASE]
	at org.springframework.beans.factory.support.DefaultListableBeanFactory.resolveDependency(DefaultListableBeanFactory.java:1210) ~[spring-beans-5.2.5.RELEASE.jar:5.2.5.RELEASE]
	at org.springframework.beans.factory.annotation.AutowiredAnnotationBeanPostProcessor$AutowiredFieldElement.inject(AutowiredAnnotationBeanPostProcessor.java:640) ~[spring-beans-5.2.5.RELEASE.jar:5.2.5.RELEASE]
	... 19 more
Caused by: org.springframework.beans.factory.BeanCreationException: Error creating bean with name 'sysPrivilegeMapper' defined in file [D:\Workspace_Learning\springboot-summary\target\classes\pers\penglan\springbootsummary\mapper\SysPrivilegeMapper.class]: Invocation of init method failed; nested exception is java.lang.IllegalArgumentException: Property 'sqlSessionFactory' or 'sqlSessionTemplate' are required
	at org.springframework.beans.factory.support.AbstractAutowireCapableBeanFactory.initializeBean(AbstractAutowireCapableBeanFactory.java:1796) ~[spring-beans-5.2.5.RELEASE.jar:5.2.5.RELEASE]
	at org.springframework.beans.factory.support.AbstractAutowireCapableBeanFactory.doCreateBean(AbstractAutowireCapableBeanFactory.java:595) ~[spring-beans-5.2.5.RELEASE.jar:5.2.5.RELEASE]
	at org.springframework.beans.factory.support.AbstractAutowireCapableBeanFactory.createBean(AbstractAutowireCapableBeanFactory.java:517) ~[spring-beans-5.2.5.RELEASE.jar:5.2.5.RELEASE]
	at org.springframework.beans.factory.support.AbstractBeanFactory.lambda$doGetBean$0(AbstractBeanFactory.java:323) ~[spring-beans-5.2.5.RELEASE.jar:5.2.5.RELEASE]
	at org.springframework.beans.factory.support.DefaultSingletonBeanRegistry.getSingleton(DefaultSingletonBeanRegistry.java:222) ~[spring-beans-5.2.5.RELEASE.jar:5.2.5.RELEASE]
	at org.springframework.beans.factory.support.AbstractBeanFactory.doGetBean(AbstractBeanFactory.java:321) ~[spring-beans-5.2.5.RELEASE.jar:5.2.5.RELEASE]
	at org.springframework.beans.factory.support.AbstractBeanFactory.getBean(AbstractBeanFactory.java:202) ~[spring-beans-5.2.5.RELEASE.jar:5.2.5.RELEASE]
	at org.springframework.beans.factory.config.DependencyDescriptor.resolveCandidate(DependencyDescriptor.java:276) ~[spring-beans-5.2.5.RELEASE.jar:5.2.5.RELEASE]
	at org.springframework.beans.factory.support.DefaultListableBeanFactory.doResolveDependency(DefaultListableBeanFactory.java:1290) ~[spring-beans-5.2.5.RELEASE.jar:5.2.5.RELEASE]
	at org.springframework.beans.factory.support.DefaultListableBeanFactory.resolveDependency(DefaultListableBeanFactory.java:1210) ~[spring-beans-5.2.5.RELEASE.jar:5.2.5.RELEASE]
	at org.springframework.beans.factory.annotation.AutowiredAnnotationBeanPostProcessor$AutowiredFieldElement.inject(AutowiredAnnotationBeanPostProcessor.java:640) ~[spring-beans-5.2.5.RELEASE.jar:5.2.5.RELEASE]
	at org.springframework.beans.factory.annotation.InjectionMetadata.inject(InjectionMetadata.java:130) ~[spring-beans-5.2.5.RELEASE.jar:5.2.5.RELEASE]
	at org.springframework.beans.factory.annotation.AutowiredAnnotationBeanPostProcessor.postProcessProperties(AutowiredAnnotationBeanPostProcessor.java:399) ~[spring-beans-5.2.5.RELEASE.jar:5.2.5.RELEASE]
	at org.springframework.beans.factory.support.AbstractAutowireCapableBeanFactory.populateBean(AbstractAutowireCapableBeanFactory.java:1422) ~[spring-beans-5.2.5.RELEASE.jar:5.2.5.RELEASE]
	at org.springframework.beans.factory.support.AbstractAutowireCapableBeanFactory.doCreateBean(AbstractAutowireCapableBeanFactory.java:594) ~[spring-beans-5.2.5.RELEASE.jar:5.2.5.RELEASE]
	at org.springframework.beans.factory.support.AbstractAutowireCapableBeanFactory.createBean(AbstractAutowireCapableBeanFactory.java:517) ~[spring-beans-5.2.5.RELEASE.jar:5.2.5.RELEASE]
	at org.springframework.beans.factory.support.AbstractBeanFactory.lambda$doGetBean$0(AbstractBeanFactory.java:323) ~[spring-beans-5.2.5.RELEASE.jar:5.2.5.RELEASE]
	at org.springframework.beans.factory.support.DefaultSingletonBeanRegistry.getSingleton(DefaultSingletonBeanRegistry.java:222) ~[spring-beans-5.2.5.RELEASE.jar:5.2.5.RELEASE]
	at org.springframework.beans.factory.support.AbstractBeanFactory.doGetBean(AbstractBeanFactory.java:321) ~[spring-beans-5.2.5.RELEASE.jar:5.2.5.RELEASE]
	at org.springframework.beans.factory.support.AbstractBeanFactory.getBean(AbstractBeanFactory.java:202) ~[spring-beans-5.2.5.RELEASE.jar:5.2.5.RELEASE]
	at org.springframework.beans.factory.config.DependencyDescriptor.resolveCandidate(DependencyDescriptor.java:276) ~[spring-beans-5.2.5.RELEASE.jar:5.2.5.RELEASE]
	at org.springframework.beans.factory.support.DefaultListableBeanFactory.doResolveDependency(DefaultListableBeanFactory.java:1290) ~[spring-beans-5.2.5.RELEASE.jar:5.2.5.RELEASE]
	at org.springframework.beans.factory.support.DefaultListableBeanFactory.resolveDependency(DefaultListableBeanFactory.java:1210) ~[spring-beans-5.2.5.RELEASE.jar:5.2.5.RELEASE]
	at org.springframework.beans.factory.annotation.AutowiredAnnotationBeanPostProcessor$AutowiredFieldElement.inject(AutowiredAnnotationBeanPostProcessor.java:640) ~[spring-beans-5.2.5.RELEASE.jar:5.2.5.RELEASE]
	... 19 more
Caused by: java.lang.IllegalArgumentException: Property 'sqlSessionFactory' or 'sqlSessionTemplate' are required
	at org.springframework.util.Assert.notNull(Assert.java:198) ~[spring-core-5.2.5.RELEASE.jar:5.2.5.RELEASE]
	at org.mybatis.spring.support.SqlSessionDaoSupport.checkDaoConfig(SqlSessionDaoSupport.java:122) ~[mybatis-spring-2.0.4.jar:2.0.4]
	at org.mybatis.spring.mapper.MapperFactoryBean.checkDaoConfig(MapperFactoryBean.java:73) ~[mybatis-spring-2.0.4.jar:2.0.4]
	at org.springframework.dao.support.DaoSupport.afterPropertiesSet(DaoSupport.java:44) ~[spring-tx-5.2.5.RELEASE.jar:5.2.5.RELEASE]
	at org.springframework.beans.factory.support.AbstractAutowireCapableBeanFactory.invokeInitMethods(AbstractAutowireCapableBeanFactory.java:1855) ~[spring-beans-5.2.5.RELEASE.jar:5.2.5.RELEASE]
	at org.springframework.beans.factory.support.AbstractAutowireCapableBeanFactory.initializeBean(AbstractAutowireCapableBeanFactory.java:1792) ~[spring-beans-5.2.5.RELEASE.jar:5.2.5.RELEASE]
	at org.springframework.beans.factory.support.AbstractAutowireCapableBeanFactory.doCreateBean(AbstractAutowireCapableBeanFactory.java:595) ~[spring-beans-5.2.5.RELEASE.jar:5.2.5.RELEASE]
	at org.springframework.beans.factory.support.AbstractAutowireCapableBeanFactory.createBean(AbstractAutowireCapableBeanFactory.java:517) ~[spring-beans-5.2.5.RELEASE.jar:5.2.5.RELEASE]
	at org.springframework.beans.factory.support.AbstractBeanFactory.lambda$doGetBean$0(AbstractBeanFactory.java:323) ~[spring-beans-5.2.5.RELEASE.jar:5.2.5.RELEASE]
	at org.springframework.beans.factory.support.DefaultSingletonBeanRegistry.getSingleton(DefaultSingletonBeanRegistry.java:222) ~[spring-beans-5.2.5.RELEASE.jar:5.2.5.RELEASE]
	at org.springframework.beans.factory.support.AbstractBeanFactory.doGetBean(AbstractBeanFactory.java:321) ~[spring-beans-5.2.5.RELEASE.jar:5.2.5.RELEASE]
	at org.springframework.beans.factory.support.AbstractBeanFactory.getBean(AbstractBeanFactory.java:202) ~[spring-beans-5.2.5.RELEASE.jar:5.2.5.RELEASE]
	at org.springframework.beans.factory.config.DependencyDescriptor.resolveCandidate(DependencyDescriptor.java:276) ~[spring-beans-5.2.5.RELEASE.jar:5.2.5.RELEASE]
	at org.springframework.beans.factory.support.DefaultListableBeanFactory.doResolveDependency(DefaultListableBeanFactory.java:1290) ~[spring-beans-5.2.5.RELEASE.jar:5.2.5.RELEASE]
	at org.springframework.beans.factory.support.DefaultListableBeanFactory.resolveDependency(DefaultListableBeanFactory.java:1210) ~[spring-beans-5.2.5.RELEASE.jar:5.2.5.RELEASE]
	at org.springframework.beans.factory.annotation.AutowiredAnnotationBeanPostProcessor$AutowiredFieldElement.inject(AutowiredAnnotationBeanPostProcessor.java:640) ~[spring-beans-5.2.5.RELEASE.jar:5.2.5.RELEASE]
	at org.springframework.beans.factory.annotation.InjectionMetadata.inject(InjectionMetadata.java:130) ~[spring-beans-5.2.5.RELEASE.jar:5.2.5.RELEASE]
	at org.springframework.beans.factory.annotation.AutowiredAnnotationBeanPostProcessor.postProcessProperties(AutowiredAnnotationBeanPostProcessor.java:399) ~[spring-beans-5.2.5.RELEASE.jar:5.2.5.RELEASE]
	at org.springframework.beans.factory.support.AbstractAutowireCapableBeanFactory.populateBean(AbstractAutowireCapableBeanFactory.java:1422) ~[spring-beans-5.2.5.RELEASE.jar:5.2.5.RELEASE]
	at org.springframework.beans.factory.support.AbstractAutowireCapableBeanFactory.doCreateBean(AbstractAutowireCapableBeanFactory.java:594) ~[spring-beans-5.2.5.RELEASE.jar:5.2.5.RELEASE]
	at org.springframework.beans.factory.support.AbstractAutowireCapableBeanFactory.createBean(AbstractAutowireCapableBeanFactory.java:517) ~[spring-beans-5.2.5.RELEASE.jar:5.2.5.RELEASE]
	at org.springframework.beans.factory.support.AbstractBeanFactory.lambda$doGetBean$0(AbstractBeanFactory.java:323) ~[spring-beans-5.2.5.RELEASE.jar:5.2.5.RELEASE]
	at org.springframework.beans.factory.support.DefaultSingletonBeanRegistry.getSingleton(DefaultSingletonBeanRegistry.java:222) ~[spring-beans-5.2.5.RELEASE.jar:5.2.5.RELEASE]
	at org.springframework.beans.factory.support.AbstractBeanFactory.doGetBean(AbstractBeanFactory.java:321) ~[spring-beans-5.2.5.RELEASE.jar:5.2.5.RELEASE]
	at org.springframework.beans.factory.support.AbstractBeanFactory.getBean(AbstractBeanFactory.java:202) ~[spring-beans-5.2.5.RELEASE.jar:5.2.5.RELEASE]
	at org.springframework.beans.factory.config.DependencyDescriptor.resolveCandidate(DependencyDescriptor.java:276) ~[spring-beans-5.2.5.RELEASE.jar:5.2.5.RELEASE]
	at org.springframework.beans.factory.support.DefaultListableBeanFactory.doResolveDependency(DefaultListableBeanFactory.java:1290) ~[spring-beans-5.2.5.RELEASE.jar:5.2.5.RELEASE]
	at org.springframework.beans.factory.support.DefaultListableBeanFactory.resolveDependency(DefaultListableBeanFactory.java:1210) ~[spring-beans-5.2.5.RELEASE.jar:5.2.5.RELEASE]
	at org.springframework.beans.factory.annotation.AutowiredAnnotationBeanPostProcessor$AutowiredFieldElement.inject(AutowiredAnnotationBeanPostProcessor.java:640) ~[spring-beans-5.2.5.RELEASE.jar:5.2.5.RELEASE]
	... 19 more
11:23:08.653 | INFO  | [main] | org.springframework.boot.web.embedded.jetty.JettyServletWebServerFactory | getWebServer | 145:>>Server initialized with port: 8080
11:23:08.710 | INFO  | [main] | org.springframework.boot.web.servlet.context.ServletWebServerApplicationContext | prepareWebApplicationContext | 284:>>Root WebApplicationContext: initialization completed in 1158 ms
11:23:09.129 | WARN  | [main] | org.springframework.context.support.AbstractApplicationContext | refresh | 558:>>Exception encountered during context initialization - cancelling refresh attempt: org.springframework.beans.factory.UnsatisfiedDependencyException: Error creating bean with name 'firstController': Unsatisfied dependency expressed through field 'sysPrivilegeService'; nested exception is org.springframework.beans.factory.UnsatisfiedDependencyException: Error creating bean with name 'sysPrivilegeService': Unsatisfied dependency expressed through field 'sysPrivilegeMapper'; nested exception is org.springframework.beans.factory.BeanCreationException: Error creating bean with name 'sysPrivilegeMapper' defined in file [D:\Workspace_Learning\springboot-summary\target\classes\pers\penglan\springbootsummary\mapper\SysPrivilegeMapper.class]: Invocation of init method failed; nested exception is java.lang.IllegalArgumentException: Property 'sqlSessionFactory' or 'sqlSessionTemplate' are required
11:23:09.146 | INFO  | [main] | org.springframework.boot.autoconfigure.logging.ConditionEvaluationReportLoggingListener | logMessage | 136:>>

Error starting ApplicationContext. To display the conditions report re-run your application with 'debug' enabled.
11:23:09.155 | ERROR | [main] | org.springframework.boot.SpringApplication | reportFailure | 826:>>Application run failed
org.springframework.beans.factory.UnsatisfiedDependencyException: Error creating bean with name 'firstController': Unsatisfied dependency expressed through field 'sysPrivilegeService'; nested exception is org.springframework.beans.factory.UnsatisfiedDependencyException: Error creating bean with name 'sysPrivilegeService': Unsatisfied dependency expressed through field 'sysPrivilegeMapper'; nested exception is org.springframework.beans.factory.BeanCreationException: Error creating bean with name 'sysPrivilegeMapper' defined in file [D:\Workspace_Learning\springboot-summary\target\classes\pers\penglan\springbootsummary\mapper\SysPrivilegeMapper.class]: Invocation of init method failed; nested exception is java.lang.IllegalArgumentException: Property 'sqlSessionFactory' or 'sqlSessionTemplate' are required
	at org.springframework.beans.factory.annotation.AutowiredAnnotationBeanPostProcessor$AutowiredFieldElement.inject(AutowiredAnnotationBeanPostProcessor.java:643) ~[spring-beans-5.2.5.RELEASE.jar:5.2.5.RELEASE]
	at org.springframework.beans.factory.annotation.InjectionMetadata.inject(InjectionMetadata.java:130) ~[spring-beans-5.2.5.RELEASE.jar:5.2.5.RELEASE]
	at org.springframework.beans.factory.annotation.AutowiredAnnotationBeanPostProcessor.postProcessProperties(AutowiredAnnotationBeanPostProcessor.java:399) ~[spring-beans-5.2.5.RELEASE.jar:5.2.5.RELEASE]
	at org.springframework.beans.factory.support.AbstractAutowireCapableBeanFactory.populateBean(AbstractAutowireCapableBeanFactory.java:1422) ~[spring-beans-5.2.5.RELEASE.jar:5.2.5.RELEASE]
	at org.springframework.beans.factory.support.AbstractAutowireCapableBeanFactory.doCreateBean(AbstractAutowireCapableBeanFactory.java:594) ~[spring-beans-5.2.5.RELEASE.jar:5.2.5.RELEASE]
	at org.springframework.beans.factory.support.AbstractAutowireCapableBeanFactory.createBean(AbstractAutowireCapableBeanFactory.java:517) ~[spring-beans-5.2.5.RELEASE.jar:5.2.5.RELEASE]
	at org.springframework.beans.factory.support.AbstractBeanFactory.lambda$doGetBean$0(AbstractBeanFactory.java:323) ~[spring-beans-5.2.5.RELEASE.jar:5.2.5.RELEASE]
	at org.springframework.beans.factory.support.DefaultSingletonBeanRegistry.getSingleton(DefaultSingletonBeanRegistry.java:222) ~[spring-beans-5.2.5.RELEASE.jar:5.2.5.RELEASE]
	at org.springframework.beans.factory.support.AbstractBeanFactory.doGetBean(AbstractBeanFactory.java:321) ~[spring-beans-5.2.5.RELEASE.jar:5.2.5.RELEASE]
	at org.springframework.beans.factory.support.AbstractBeanFactory.getBean(AbstractBeanFactory.java:202) ~[spring-beans-5.2.5.RELEASE.jar:5.2.5.RELEASE]
	at org.springframework.beans.factory.support.DefaultListableBeanFactory.preInstantiateSingletons(DefaultListableBeanFactory.java:882) ~[spring-beans-5.2.5.RELEASE.jar:5.2.5.RELEASE]
	at org.springframework.context.support.AbstractApplicationContext.finishBeanFactoryInitialization(AbstractApplicationContext.java:878) ~[spring-context-5.2.5.RELEASE.jar:5.2.5.RELEASE]
	at org.springframework.context.support.AbstractApplicationContext.refresh(AbstractApplicationContext.java:550) ~[spring-context-5.2.5.RELEASE.jar:5.2.5.RELEASE]
	at org.springframework.boot.web.servlet.context.ServletWebServerApplicationContext.refresh(ServletWebServerApplicationContext.java:141) ~[spring-boot-2.2.6.RELEASE.jar:2.2.6.RELEASE]
	at org.springframework.boot.SpringApplication.refresh(SpringApplication.java:747) [spring-boot-2.2.6.RELEASE.jar:2.2.6.RELEASE]
	at org.springframework.boot.SpringApplication.refreshContext(SpringApplication.java:397) [spring-boot-2.2.6.RELEASE.jar:2.2.6.RELEASE]
	at org.springframework.boot.SpringApplication.run(SpringApplication.java:315) [spring-boot-2.2.6.RELEASE.jar:2.2.6.RELEASE]
	at org.springframework.boot.SpringApplication.run(SpringApplication.java:1226) [spring-boot-2.2.6.RELEASE.jar:2.2.6.RELEASE]
	at org.springframework.boot.SpringApplication.run(SpringApplication.java:1215) [spring-boot-2.2.6.RELEASE.jar:2.2.6.RELEASE]
	at pers.penglan.springbootsummary.SpringbootSummaryApplication.main(SpringbootSummaryApplication.java:25) [classes/:?]
Caused by: org.springframework.beans.factory.UnsatisfiedDependencyException: Error creating bean with name 'sysPrivilegeService': Unsatisfied dependency expressed through field 'sysPrivilegeMapper'; nested exception is org.springframework.beans.factory.BeanCreationException: Error creating bean with name 'sysPrivilegeMapper' defined in file [D:\Workspace_Learning\springboot-summary\target\classes\pers\penglan\springbootsummary\mapper\SysPrivilegeMapper.class]: Invocation of init method failed; nested exception is java.lang.IllegalArgumentException: Property 'sqlSessionFactory' or 'sqlSessionTemplate' are required
	at org.springframework.beans.factory.annotation.AutowiredAnnotationBeanPostProcessor$AutowiredFieldElement.inject(AutowiredAnnotationBeanPostProcessor.java:643) ~[spring-beans-5.2.5.RELEASE.jar:5.2.5.RELEASE]
	at org.springframework.beans.factory.annotation.InjectionMetadata.inject(InjectionMetadata.java:130) ~[spring-beans-5.2.5.RELEASE.jar:5.2.5.RELEASE]
	at org.springframework.beans.factory.annotation.AutowiredAnnotationBeanPostProcessor.postProcessProperties(AutowiredAnnotationBeanPostProcessor.java:399) ~[spring-beans-5.2.5.RELEASE.jar:5.2.5.RELEASE]
	at org.springframework.beans.factory.support.AbstractAutowireCapableBeanFactory.populateBean(AbstractAutowireCapableBeanFactory.java:1422) ~[spring-beans-5.2.5.RELEASE.jar:5.2.5.RELEASE]
	at org.springframework.beans.factory.support.AbstractAutowireCapableBeanFactory.doCreateBean(AbstractAutowireCapableBeanFactory.java:594) ~[spring-beans-5.2.5.RELEASE.jar:5.2.5.RELEASE]
	at org.springframework.beans.factory.support.AbstractAutowireCapableBeanFactory.createBean(AbstractAutowireCapableBeanFactory.java:517) ~[spring-beans-5.2.5.RELEASE.jar:5.2.5.RELEASE]
	at org.springframework.beans.factory.support.AbstractBeanFactory.lambda$doGetBean$0(AbstractBeanFactory.java:323) ~[spring-beans-5.2.5.RELEASE.jar:5.2.5.RELEASE]
	at org.springframework.beans.factory.support.DefaultSingletonBeanRegistry.getSingleton(DefaultSingletonBeanRegistry.java:222) ~[spring-beans-5.2.5.RELEASE.jar:5.2.5.RELEASE]
	at org.springframework.beans.factory.support.AbstractBeanFactory.doGetBean(AbstractBeanFactory.java:321) ~[spring-beans-5.2.5.RELEASE.jar:5.2.5.RELEASE]
	at org.springframework.beans.factory.support.AbstractBeanFactory.getBean(AbstractBeanFactory.java:202) ~[spring-beans-5.2.5.RELEASE.jar:5.2.5.RELEASE]
	at org.springframework.beans.factory.config.DependencyDescriptor.resolveCandidate(DependencyDescriptor.java:276) ~[spring-beans-5.2.5.RELEASE.jar:5.2.5.RELEASE]
	at org.springframework.beans.factory.support.DefaultListableBeanFactory.doResolveDependency(DefaultListableBeanFactory.java:1290) ~[spring-beans-5.2.5.RELEASE.jar:5.2.5.RELEASE]
	at org.springframework.beans.factory.support.DefaultListableBeanFactory.resolveDependency(DefaultListableBeanFactory.java:1210) ~[spring-beans-5.2.5.RELEASE.jar:5.2.5.RELEASE]
	at org.springframework.beans.factory.annotation.AutowiredAnnotationBeanPostProcessor$AutowiredFieldElement.inject(AutowiredAnnotationBeanPostProcessor.java:640) ~[spring-beans-5.2.5.RELEASE.jar:5.2.5.RELEASE]
	... 19 more
Caused by: org.springframework.beans.factory.BeanCreationException: Error creating bean with name 'sysPrivilegeMapper' defined in file [D:\Workspace_Learning\springboot-summary\target\classes\pers\penglan\springbootsummary\mapper\SysPrivilegeMapper.class]: Invocation of init method failed; nested exception is java.lang.IllegalArgumentException: Property 'sqlSessionFactory' or 'sqlSessionTemplate' are required
	at org.springframework.beans.factory.support.AbstractAutowireCapableBeanFactory.initializeBean(AbstractAutowireCapableBeanFactory.java:1796) ~[spring-beans-5.2.5.RELEASE.jar:5.2.5.RELEASE]
	at org.springframework.beans.factory.support.AbstractAutowireCapableBeanFactory.doCreateBean(AbstractAutowireCapableBeanFactory.java:595) ~[spring-beans-5.2.5.RELEASE.jar:5.2.5.RELEASE]
	at org.springframework.beans.factory.support.AbstractAutowireCapableBeanFactory.createBean(AbstractAutowireCapableBeanFactory.java:517) ~[spring-beans-5.2.5.RELEASE.jar:5.2.5.RELEASE]
	at org.springframework.beans.factory.support.AbstractBeanFactory.lambda$doGetBean$0(AbstractBeanFactory.java:323) ~[spring-beans-5.2.5.RELEASE.jar:5.2.5.RELEASE]
	at org.springframework.beans.factory.support.DefaultSingletonBeanRegistry.getSingleton(DefaultSingletonBeanRegistry.java:222) ~[spring-beans-5.2.5.RELEASE.jar:5.2.5.RELEASE]
	at org.springframework.beans.factory.support.AbstractBeanFactory.doGetBean(AbstractBeanFactory.java:321) ~[spring-beans-5.2.5.RELEASE.jar:5.2.5.RELEASE]
	at org.springframework.beans.factory.support.AbstractBeanFactory.getBean(AbstractBeanFactory.java:202) ~[spring-beans-5.2.5.RELEASE.jar:5.2.5.RELEASE]
	at org.springframework.beans.factory.config.DependencyDescriptor.resolveCandidate(DependencyDescriptor.java:276) ~[spring-beans-5.2.5.RELEASE.jar:5.2.5.RELEASE]
	at org.springframework.beans.factory.support.DefaultListableBeanFactory.doResolveDependency(DefaultListableBeanFactory.java:1290) ~[spring-beans-5.2.5.RELEASE.jar:5.2.5.RELEASE]
	at org.springframework.beans.factory.support.DefaultListableBeanFactory.resolveDependency(DefaultListableBeanFactory.java:1210) ~[spring-beans-5.2.5.RELEASE.jar:5.2.5.RELEASE]
	at org.springframework.beans.factory.annotation.AutowiredAnnotationBeanPostProcessor$AutowiredFieldElement.inject(AutowiredAnnotationBeanPostProcessor.java:640) ~[spring-beans-5.2.5.RELEASE.jar:5.2.5.RELEASE]
	at org.springframework.beans.factory.annotation.InjectionMetadata.inject(InjectionMetadata.java:130) ~[spring-beans-5.2.5.RELEASE.jar:5.2.5.RELEASE]
	at org.springframework.beans.factory.annotation.AutowiredAnnotationBeanPostProcessor.postProcessProperties(AutowiredAnnotationBeanPostProcessor.java:399) ~[spring-beans-5.2.5.RELEASE.jar:5.2.5.RELEASE]
	at org.springframework.beans.factory.support.AbstractAutowireCapableBeanFactory.populateBean(AbstractAutowireCapableBeanFactory.java:1422) ~[spring-beans-5.2.5.RELEASE.jar:5.2.5.RELEASE]
	at org.springframework.beans.factory.support.AbstractAutowireCapableBeanFactory.doCreateBean(AbstractAutowireCapableBeanFactory.java:594) ~[spring-beans-5.2.5.RELEASE.jar:5.2.5.RELEASE]
	at org.springframework.beans.factory.support.AbstractAutowireCapableBeanFactory.createBean(AbstractAutowireCapableBeanFactory.java:517) ~[spring-beans-5.2.5.RELEASE.jar:5.2.5.RELEASE]
	at org.springframework.beans.factory.support.AbstractBeanFactory.lambda$doGetBean$0(AbstractBeanFactory.java:323) ~[spring-beans-5.2.5.RELEASE.jar:5.2.5.RELEASE]
	at org.springframework.beans.factory.support.DefaultSingletonBeanRegistry.getSingleton(DefaultSingletonBeanRegistry.java:222) ~[spring-beans-5.2.5.RELEASE.jar:5.2.5.RELEASE]
	at org.springframework.beans.factory.support.AbstractBeanFactory.doGetBean(AbstractBeanFactory.java:321) ~[spring-beans-5.2.5.RELEASE.jar:5.2.5.RELEASE]
	at org.springframework.beans.factory.support.AbstractBeanFactory.getBean(AbstractBeanFactory.java:202) ~[spring-beans-5.2.5.RELEASE.jar:5.2.5.RELEASE]
	at org.springframework.beans.factory.config.DependencyDescriptor.resolveCandidate(DependencyDescriptor.java:276) ~[spring-beans-5.2.5.RELEASE.jar:5.2.5.RELEASE]
	at org.springframework.beans.factory.support.DefaultListableBeanFactory.doResolveDependency(DefaultListableBeanFactory.java:1290) ~[spring-beans-5.2.5.RELEASE.jar:5.2.5.RELEASE]
	at org.springframework.beans.factory.support.DefaultListableBeanFactory.resolveDependency(DefaultListableBeanFactory.java:1210) ~[spring-beans-5.2.5.RELEASE.jar:5.2.5.RELEASE]
	at org.springframework.beans.factory.annotation.AutowiredAnnotationBeanPostProcessor$AutowiredFieldElement.inject(AutowiredAnnotationBeanPostProcessor.java:640) ~[spring-beans-5.2.5.RELEASE.jar:5.2.5.RELEASE]
	... 19 more
Caused by: java.lang.IllegalArgumentException: Property 'sqlSessionFactory' or 'sqlSessionTemplate' are required
	at org.springframework.util.Assert.notNull(Assert.java:198) ~[spring-core-5.2.5.RELEASE.jar:5.2.5.RELEASE]
	at org.mybatis.spring.support.SqlSessionDaoSupport.checkDaoConfig(SqlSessionDaoSupport.java:122) ~[mybatis-spring-2.0.4.jar:2.0.4]
	at org.mybatis.spring.mapper.MapperFactoryBean.checkDaoConfig(MapperFactoryBean.java:73) ~[mybatis-spring-2.0.4.jar:2.0.4]
	at org.springframework.dao.support.DaoSupport.afterPropertiesSet(DaoSupport.java:44) ~[spring-tx-5.2.5.RELEASE.jar:5.2.5.RELEASE]
	at org.springframework.beans.factory.support.AbstractAutowireCapableBeanFactory.invokeInitMethods(AbstractAutowireCapableBeanFactory.java:1855) ~[spring-beans-5.2.5.RELEASE.jar:5.2.5.RELEASE]
	at org.springframework.beans.factory.support.AbstractAutowireCapableBeanFactory.initializeBean(AbstractAutowireCapableBeanFactory.java:1792) ~[spring-beans-5.2.5.RELEASE.jar:5.2.5.RELEASE]
	at org.springframework.beans.factory.support.AbstractAutowireCapableBeanFactory.doCreateBean(AbstractAutowireCapableBeanFactory.java:595) ~[spring-beans-5.2.5.RELEASE.jar:5.2.5.RELEASE]
	at org.springframework.beans.factory.support.AbstractAutowireCapableBeanFactory.createBean(AbstractAutowireCapableBeanFactory.java:517) ~[spring-beans-5.2.5.RELEASE.jar:5.2.5.RELEASE]
	at org.springframework.beans.factory.support.AbstractBeanFactory.lambda$doGetBean$0(AbstractBeanFactory.java:323) ~[spring-beans-5.2.5.RELEASE.jar:5.2.5.RELEASE]
	at org.springframework.beans.factory.support.DefaultSingletonBeanRegistry.getSingleton(DefaultSingletonBeanRegistry.java:222) ~[spring-beans-5.2.5.RELEASE.jar:5.2.5.RELEASE]
	at org.springframework.beans.factory.support.AbstractBeanFactory.doGetBean(AbstractBeanFactory.java:321) ~[spring-beans-5.2.5.RELEASE.jar:5.2.5.RELEASE]
	at org.springframework.beans.factory.support.AbstractBeanFactory.getBean(AbstractBeanFactory.java:202) ~[spring-beans-5.2.5.RELEASE.jar:5.2.5.RELEASE]
	at org.springframework.beans.factory.config.DependencyDescriptor.resolveCandidate(DependencyDescriptor.java:276) ~[spring-beans-5.2.5.RELEASE.jar:5.2.5.RELEASE]
	at org.springframework.beans.factory.support.DefaultListableBeanFactory.doResolveDependency(DefaultListableBeanFactory.java:1290) ~[spring-beans-5.2.5.RELEASE.jar:5.2.5.RELEASE]
	at org.springframework.beans.factory.support.DefaultListableBeanFactory.resolveDependency(DefaultListableBeanFactory.java:1210) ~[spring-beans-5.2.5.RELEASE.jar:5.2.5.RELEASE]
	at org.springframework.beans.factory.annotation.AutowiredAnnotationBeanPostProcessor$AutowiredFieldElement.inject(AutowiredAnnotationBeanPostProcessor.java:640) ~[spring-beans-5.2.5.RELEASE.jar:5.2.5.RELEASE]
	at org.springframework.beans.factory.annotation.InjectionMetadata.inject(InjectionMetadata.java:130) ~[spring-beans-5.2.5.RELEASE.jar:5.2.5.RELEASE]
	at org.springframework.beans.factory.annotation.AutowiredAnnotationBeanPostProcessor.postProcessProperties(AutowiredAnnotationBeanPostProcessor.java:399) ~[spring-beans-5.2.5.RELEASE.jar:5.2.5.RELEASE]
	at org.springframework.beans.factory.support.AbstractAutowireCapableBeanFactory.populateBean(AbstractAutowireCapableBeanFactory.java:1422) ~[spring-beans-5.2.5.RELEASE.jar:5.2.5.RELEASE]
	at org.springframework.beans.factory.support.AbstractAutowireCapableBeanFactory.doCreateBean(AbstractAutowireCapableBeanFactory.java:594) ~[spring-beans-5.2.5.RELEASE.jar:5.2.5.RELEASE]
	at org.springframework.beans.factory.support.AbstractAutowireCapableBeanFactory.createBean(AbstractAutowireCapableBeanFactory.java:517) ~[spring-beans-5.2.5.RELEASE.jar:5.2.5.RELEASE]
	at org.springframework.beans.factory.support.AbstractBeanFactory.lambda$doGetBean$0(AbstractBeanFactory.java:323) ~[spring-beans-5.2.5.RELEASE.jar:5.2.5.RELEASE]
	at org.springframework.beans.factory.support.DefaultSingletonBeanRegistry.getSingleton(DefaultSingletonBeanRegistry.java:222) ~[spring-beans-5.2.5.RELEASE.jar:5.2.5.RELEASE]
	at org.springframework.beans.factory.support.AbstractBeanFactory.doGetBean(AbstractBeanFactory.java:321) ~[spring-beans-5.2.5.RELEASE.jar:5.2.5.RELEASE]
	at org.springframework.beans.factory.support.AbstractBeanFactory.getBean(AbstractBeanFactory.java:202) ~[spring-beans-5.2.5.RELEASE.jar:5.2.5.RELEASE]
	at org.springframework.beans.factory.config.DependencyDescriptor.resolveCandidate(DependencyDescriptor.java:276) ~[spring-beans-5.2.5.RELEASE.jar:5.2.5.RELEASE]
	at org.springframework.beans.factory.support.DefaultListableBeanFactory.doResolveDependency(DefaultListableBeanFactory.java:1290) ~[spring-beans-5.2.5.RELEASE.jar:5.2.5.RELEASE]
	at org.springframework.beans.factory.support.DefaultListableBeanFactory.resolveDependency(DefaultListableBeanFactory.java:1210) ~[spring-beans-5.2.5.RELEASE.jar:5.2.5.RELEASE]
	at org.springframework.beans.factory.annotation.AutowiredAnnotationBeanPostProcessor$AutowiredFieldElement.inject(AutowiredAnnotationBeanPostProcessor.java:640) ~[spring-beans-5.2.5.RELEASE.jar:5.2.5.RELEASE]
	... 19 more
11:24:04.471 | INFO  | [main] | org.springframework.boot.web.embedded.jetty.JettyServletWebServerFactory | getWebServer | 145:>>Server initialized with port: 8080
11:24:04.529 | INFO  | [main] | org.springframework.boot.web.servlet.context.ServletWebServerApplicationContext | prepareWebApplicationContext | 284:>>Root WebApplicationContext: initialization completed in 1220 ms
11:24:05.423 | INFO  | [main] | org.springframework.scheduling.concurrent.ExecutorConfigurationSupport | initialize | 181:>>Initializing ExecutorService 'applicationTaskExecutor'
11:24:05.619 | INFO  | [main] | org.springframework.web.servlet.FrameworkServlet | initServletBean | 525:>>Initializing Servlet 'dispatcherServlet'
11:24:05.626 | INFO  | [main] | org.springframework.web.servlet.FrameworkServlet | initServletBean | 547:>>Completed initialization in 7 ms
11:24:05.670 | INFO  | [main] | org.springframework.boot.web.embedded.jetty.JettyWebServer | start | 157:>>Jetty started on port(s) 8080 (http/1.1) with context path '/'
11:36:11.308 | INFO  | [main] | org.springframework.boot.web.embedded.jetty.JettyServletWebServerFactory | getWebServer | 145:>>Server initialized with port: 8080
11:36:11.358 | INFO  | [main] | org.springframework.boot.web.servlet.context.ServletWebServerApplicationContext | prepareWebApplicationContext | 284:>>Root WebApplicationContext: initialization completed in 1238 ms
11:36:36.318 | INFO  | [main] | org.springframework.scheduling.concurrent.ExecutorConfigurationSupport | initialize | 181:>>Initializing ExecutorService 'applicationTaskExecutor'
11:36:36.555 | INFO  | [main] | org.springframework.web.servlet.FrameworkServlet | initServletBean | 525:>>Initializing Servlet 'dispatcherServlet'
11:36:36.563 | INFO  | [main] | org.springframework.web.servlet.FrameworkServlet | initServletBean | 547:>>Completed initialization in 8 ms
11:36:36.606 | INFO  | [main] | org.springframework.boot.web.embedded.jetty.JettyWebServer | start | 157:>>Jetty started on port(s) 8080 (http/1.1) with context path '/'
12:35:19.440 | INFO  | [main] | org.springframework.boot.web.embedded.jetty.JettyServletWebServerFactory | getWebServer | 145:>>Server initialized with port: 8080
12:35:19.498 | INFO  | [main] | org.springframework.boot.web.servlet.context.ServletWebServerApplicationContext | prepareWebApplicationContext | 284:>>Root WebApplicationContext: initialization completed in 1207 ms
12:35:20.379 | INFO  | [main] | org.springframework.scheduling.concurrent.ExecutorConfigurationSupport | initialize | 181:>>Initializing ExecutorService 'applicationTaskExecutor'
12:35:20.579 | INFO  | [main] | org.springframework.web.servlet.FrameworkServlet | initServletBean | 525:>>Initializing Servlet 'dispatcherServlet'
12:35:20.588 | INFO  | [main] | org.springframework.web.servlet.FrameworkServlet | initServletBean | 547:>>Completed initialization in 8 ms
12:35:20.625 | INFO  | [main] | org.springframework.boot.web.embedded.jetty.JettyWebServer | start | 157:>>Jetty started on port(s) 8080 (http/1.1) with context path '/'
12:41:24.182 | INFO  | [main] | org.springframework.boot.web.embedded.jetty.JettyServletWebServerFactory | getWebServer | 145:>>Server initialized with port: 8080
12:41:24.242 | INFO  | [main] | org.springframework.boot.web.servlet.context.ServletWebServerApplicationContext | prepareWebApplicationContext | 284:>>Root WebApplicationContext: initialization completed in 1234 ms
12:41:25.127 | INFO  | [main] | org.springframework.scheduling.concurrent.ExecutorConfigurationSupport | initialize | 181:>>Initializing ExecutorService 'applicationTaskExecutor'
12:41:25.325 | INFO  | [main] | org.springframework.web.servlet.FrameworkServlet | initServletBean | 525:>>Initializing Servlet 'dispatcherServlet'
12:41:25.332 | INFO  | [main] | org.springframework.web.servlet.FrameworkServlet | initServletBean | 547:>>Completed initialization in 7 ms
12:41:25.370 | INFO  | [main] | org.springframework.boot.web.embedded.jetty.JettyWebServer | start | 157:>>Jetty started on port(s) 8080 (http/1.1) with context path '/'
18:01:06.094 | INFO  | [main] | org.springframework.boot.web.embedded.jetty.JettyServletWebServerFactory | getWebServer | 145:>>Server initialized with port: 8080
18:01:06.167 | INFO  | [main] | org.springframework.boot.web.servlet.context.ServletWebServerApplicationContext | prepareWebApplicationContext | 284:>>Root WebApplicationContext: initialization completed in 1516 ms
18:01:07.199 | INFO  | [main] | org.springframework.scheduling.concurrent.ExecutorConfigurationSupport | initialize | 181:>>Initializing ExecutorService 'applicationTaskExecutor'
18:01:07.422 | INFO  | [main] | org.springframework.web.servlet.FrameworkServlet | initServletBean | 525:>>Initializing Servlet 'dispatcherServlet'
18:01:07.429 | INFO  | [main] | org.springframework.web.servlet.FrameworkServlet | initServletBean | 547:>>Completed initialization in 7 ms
18:01:07.474 | INFO  | [main] | org.springframework.boot.web.embedded.jetty.JettyWebServer | start | 157:>>Jetty started on port(s) 8080 (http/1.1) with context path '/'
18:04:57.682 | INFO  | [main] | org.springframework.boot.web.embedded.jetty.JettyServletWebServerFactory | getWebServer | 145:>>Server initialized with port: 80
18:04:57.755 | INFO  | [main] | org.springframework.boot.web.servlet.context.ServletWebServerApplicationContext | prepareWebApplicationContext | 284:>>Root WebApplicationContext: initialization completed in 1329 ms
18:04:58.700 | INFO  | [main] | org.springframework.scheduling.concurrent.ExecutorConfigurationSupport | initialize | 181:>>Initializing ExecutorService 'applicationTaskExecutor'
18:04:58.900 | INFO  | [main] | org.springframework.web.servlet.FrameworkServlet | initServletBean | 525:>>Initializing Servlet 'dispatcherServlet'
18:04:58.908 | INFO  | [main] | org.springframework.web.servlet.FrameworkServlet | initServletBean | 547:>>Completed initialization in 7 ms
18:04:58.960 | INFO  | [main] | org.springframework.boot.web.embedded.jetty.JettyWebServer | start | 157:>>Jetty started on port(s) 80 (http/1.1) with context path '/'
18:18:33.882 | INFO  | [main] | org.springframework.boot.web.embedded.jetty.JettyServletWebServerFactory | getWebServer | 145:>>Server initialized with port: 80
18:18:33.927 | INFO  | [main] | org.springframework.boot.web.servlet.context.ServletWebServerApplicationContext | prepareWebApplicationContext | 284:>>Root WebApplicationContext: initialization completed in 1381 ms
18:18:34.840 | INFO  | [main] | org.springframework.scheduling.concurrent.ExecutorConfigurationSupport | initialize | 181:>>Initializing ExecutorService 'applicationTaskExecutor'
18:18:35.039 | INFO  | [main] | org.springframework.web.servlet.FrameworkServlet | initServletBean | 525:>>Initializing Servlet 'dispatcherServlet'
18:18:35.046 | INFO  | [main] | org.springframework.web.servlet.FrameworkServlet | initServletBean | 547:>>Completed initialization in 7 ms
18:18:35.089 | INFO  | [main] | org.springframework.boot.web.embedded.jetty.JettyWebServer | start | 157:>>Jetty started on port(s) 80 (http/1.1) with context path '/'
18:27:31.929 | INFO  | [main] | org.springframework.boot.web.embedded.jetty.JettyServletWebServerFactory | getWebServer | 145:>>Server initialized with port: 80
18:27:31.992 | INFO  | [main] | org.springframework.boot.web.servlet.context.ServletWebServerApplicationContext | prepareWebApplicationContext | 284:>>Root WebApplicationContext: initialization completed in 83035 ms
18:27:32.973 | INFO  | [main] | org.springframework.scheduling.concurrent.ExecutorConfigurationSupport | initialize | 181:>>Initializing ExecutorService 'applicationTaskExecutor'
18:27:33.184 | INFO  | [main] | org.springframework.web.servlet.FrameworkServlet | initServletBean | 525:>>Initializing Servlet 'dispatcherServlet'
18:27:33.191 | INFO  | [main] | org.springframework.web.servlet.FrameworkServlet | initServletBean | 547:>>Completed initialization in 7 ms
18:27:33.231 | INFO  | [main] | org.springframework.boot.web.embedded.jetty.JettyWebServer | start | 157:>>Jetty started on port(s) 80 (http/1.1) with context path '/sbs'
